{"F:\\KhoojLocal\\KL-Web\\server\\app.js": {"path":"F:\\KhoojLocal\\KL-Web\\server\\app.js","statementMap":{"0":{"start":{"line":1,"column":16},"end":{"line":1,"column":34}},"1":{"start":{"line":2,"column":13},"end":{"line":2,"column":28}},"2":{"start":{"line":3,"column":17},"end":{"line":3,"column":36}},"3":{"start":{"line":5,"column":12},"end":{"line":5,"column":21}},"4":{"start":{"line":8,"column":0},"end":{"line":8,"column":16}},"5":{"start":{"line":9,"column":0},"end":{"line":9,"column":24}},"6":{"start":{"line":10,"column":0},"end":{"line":10,"column":48}},"7":{"start":{"line":13,"column":19},"end":{"line":13,"column":49}},"8":{"start":{"line":14,"column":21},"end":{"line":14,"column":53}},"9":{"start":{"line":15,"column":20},"end":{"line":15,"column":51}},"10":{"start":{"line":16,"column":30},"end":{"line":16,"column":71}},"11":{"start":{"line":17,"column":21},"end":{"line":17,"column":53}},"12":{"start":{"line":20,"column":0},"end":{"line":20,"column":38}},"13":{"start":{"line":21,"column":0},"end":{"line":21,"column":42}},"14":{"start":{"line":22,"column":0},"end":{"line":22,"column":40}},"15":{"start":{"line":23,"column":0},"end":{"line":23,"column":45}},"16":{"start":{"line":24,"column":0},"end":{"line":24,"column":38}},"17":{"start":{"line":27,"column":0},"end":{"line":29,"column":3}},"18":{"start":{"line":28,"column":2},"end":{"line":28,"column":66}},"19":{"start":{"line":32,"column":0},"end":{"line":35,"column":3}},"20":{"start":{"line":33,"column":2},"end":{"line":33,"column":27}},"21":{"start":{"line":34,"column":2},"end":{"line":34,"column":76}},"22":{"start":{"line":37,"column":0},"end":{"line":37,"column":21}}},"fnMap":{"0":{"name":"(anonymous_0)","decl":{"start":{"line":27,"column":23},"end":{"line":27,"column":24}},"loc":{"start":{"line":27,"column":37},"end":{"line":29,"column":1}},"line":27},"1":{"name":"(anonymous_1)","decl":{"start":{"line":32,"column":8},"end":{"line":32,"column":9}},"loc":{"start":{"line":32,"column":33},"end":{"line":35,"column":1}},"line":32}},"branchMap":{"0":{"loc":{"start":{"line":34,"column":34},"end":{"line":34,"column":72}},"type":"binary-expr","locations":[{"start":{"line":34,"column":34},"end":{"line":34,"column":45}},{"start":{"line":34,"column":49},"end":{"line":34,"column":72}}],"line":34}},"s":{"0":5,"1":5,"2":5,"3":5,"4":5,"5":5,"6":5,"7":5,"8":5,"9":5,"10":5,"11":5,"12":5,"13":5,"14":5,"15":5,"16":5,"17":5,"18":0,"19":5,"20":0,"21":0,"22":5},"f":{"0":0,"1":0},"b":{"0":[0,0]},"_coverageSchema":"1a1c01bbd47fc00a2c39e90264f33305004495a9","hash":"528b055a5075251272856c79b4b5c24496f71818"}
,"F:\\KhoojLocal\\KL-Web\\server\\seedDatabase.js": {"path":"F:\\KhoojLocal\\KL-Web\\server\\seedDatabase.js","statementMap":{"0":{"start":{"line":1,"column":17},"end":{"line":1,"column":36}},"1":{"start":{"line":2,"column":14},"end":{"line":2,"column":39}},"2":{"start":{"line":3,"column":13},"end":{"line":3,"column":37}},"3":{"start":{"line":4,"column":15},"end":{"line":4,"column":41}},"4":{"start":{"line":5,"column":0},"end":{"line":5,"column":27}},"5":{"start":{"line":7,"column":18},"end":{"line":15,"column":1}},"6":{"start":{"line":8,"column":2},"end":{"line":14,"column":3}},"7":{"start":{"line":9,"column":4},"end":{"line":9,"column":94}},"8":{"start":{"line":10,"column":4},"end":{"line":10,"column":39}},"9":{"start":{"line":12,"column":4},"end":{"line":12,"column":56}},"10":{"start":{"line":13,"column":4},"end":{"line":13,"column":20}},"11":{"start":{"line":17,"column":17},"end":{"line":409,"column":1}},"12":{"start":{"line":18,"column":2},"end":{"line":408,"column":3}},"13":{"start":{"line":19,"column":4},"end":{"line":19,"column":22}},"14":{"start":{"line":22,"column":4},"end":{"line":22,"column":50}},"15":{"start":{"line":23,"column":4},"end":{"line":23,"column":31}},"16":{"start":{"line":24,"column":4},"end":{"line":24,"column":30}},"17":{"start":{"line":25,"column":4},"end":{"line":25,"column":32}},"18":{"start":{"line":28,"column":4},"end":{"line":28,"column":48}},"19":{"start":{"line":29,"column":18},"end":{"line":35,"column":6}},"20":{"start":{"line":36,"column":4},"end":{"line":36,"column":49}},"21":{"start":{"line":39,"column":4},"end":{"line":39,"column":47}},"22":{"start":{"line":40,"column":18},"end":{"line":65,"column":6}},"23":{"start":{"line":66,"column":4},"end":{"line":66,"column":51}},"24":{"start":{"line":69,"column":4},"end":{"line":69,"column":49}},"25":{"start":{"line":70,"column":20},"end":{"line":381,"column":6}},"26":{"start":{"line":382,"column":4},"end":{"line":382,"column":55}},"27":{"start":{"line":384,"column":4},"end":{"line":384,"column":56}},"28":{"start":{"line":385,"column":4},"end":{"line":385,"column":45}},"29":{"start":{"line":386,"column":4},"end":{"line":386,"column":40}},"30":{"start":{"line":387,"column":4},"end":{"line":387,"column":50}},"31":{"start":{"line":388,"column":4},"end":{"line":388,"column":41}},"32":{"start":{"line":389,"column":4},"end":{"line":389,"column":43}},"33":{"start":{"line":390,"column":4},"end":{"line":390,"column":46}},"34":{"start":{"line":391,"column":4},"end":{"line":391,"column":44}},"35":{"start":{"line":392,"column":4},"end":{"line":392,"column":46}},"36":{"start":{"line":393,"column":4},"end":{"line":393,"column":57}},"37":{"start":{"line":394,"column":4},"end":{"line":394,"column":48}},"38":{"start":{"line":395,"column":4},"end":{"line":395,"column":49}},"39":{"start":{"line":396,"column":4},"end":{"line":396,"column":61}},"40":{"start":{"line":397,"column":4},"end":{"line":397,"column":53}},"41":{"start":{"line":398,"column":4},"end":{"line":398,"column":54}},"42":{"start":{"line":399,"column":4},"end":{"line":399,"column":44}},"43":{"start":{"line":400,"column":4},"end":{"line":400,"column":48}},"44":{"start":{"line":401,"column":4},"end":{"line":401,"column":50}},"45":{"start":{"line":402,"column":4},"end":{"line":402,"column":86}},"46":{"start":{"line":404,"column":4},"end":{"line":404,"column":20}},"47":{"start":{"line":406,"column":4},"end":{"line":406,"column":54}},"48":{"start":{"line":407,"column":4},"end":{"line":407,"column":20}},"49":{"start":{"line":412,"column":0},"end":{"line":412,"column":11}}},"fnMap":{"0":{"name":"(anonymous_0)","decl":{"start":{"line":7,"column":18},"end":{"line":7,"column":19}},"loc":{"start":{"line":7,"column":30},"end":{"line":15,"column":1}},"line":7},"1":{"name":"(anonymous_1)","decl":{"start":{"line":17,"column":17},"end":{"line":17,"column":18}},"loc":{"start":{"line":17,"column":29},"end":{"line":409,"column":1}},"line":17}},"branchMap":{"0":{"loc":{"start":{"line":9,"column":27},"end":{"line":9,"column":92}},"type":"binary-expr","locations":[{"start":{"line":9,"column":27},"end":{"line":9,"column":50}},{"start":{"line":9,"column":54},"end":{"line":9,"column":92}}],"line":9}},"s":{"0":0,"1":0,"2":0,"3":0,"4":0,"5":0,"6":0,"7":0,"8":0,"9":0,"10":0,"11":0,"12":0,"13":0,"14":0,"15":0,"16":0,"17":0,"18":0,"19":0,"20":0,"21":0,"22":0,"23":0,"24":0,"25":0,"26":0,"27":0,"28":0,"29":0,"30":0,"31":0,"32":0,"33":0,"34":0,"35":0,"36":0,"37":0,"38":0,"39":0,"40":0,"41":0,"42":0,"43":0,"44":0,"45":0,"46":0,"47":0,"48":0,"49":0},"f":{"0":0,"1":0},"b":{"0":[0,0]}}
,"F:\\KhoojLocal\\KL-Web\\server\\config\\database.js": {"path":"F:\\KhoojLocal\\KL-Web\\server\\config\\database.js","statementMap":{"0":{"start":{"line":1,"column":17},"end":{"line":1,"column":36}},"1":{"start":{"line":3,"column":18},"end":{"line":15,"column":1}},"2":{"start":{"line":4,"column":2},"end":{"line":14,"column":3}},"3":{"start":{"line":5,"column":17},"end":{"line":8,"column":6}},"4":{"start":{"line":10,"column":4},"end":{"line":10,"column":62}},"5":{"start":{"line":12,"column":4},"end":{"line":12,"column":45}},"6":{"start":{"line":13,"column":4},"end":{"line":13,"column":20}},"7":{"start":{"line":17,"column":0},"end":{"line":17,"column":27}}},"fnMap":{"0":{"name":"(anonymous_0)","decl":{"start":{"line":3,"column":18},"end":{"line":3,"column":19}},"loc":{"start":{"line":3,"column":30},"end":{"line":15,"column":1}},"line":3}},"branchMap":{"0":{"loc":{"start":{"line":5,"column":40},"end":{"line":5,"column":105}},"type":"binary-expr","locations":[{"start":{"line":5,"column":40},"end":{"line":5,"column":63}},{"start":{"line":5,"column":67},"end":{"line":5,"column":105}}],"line":5}},"s":{"0":0,"1":0,"2":0,"3":0,"4":0,"5":0,"6":0,"7":0},"f":{"0":0},"b":{"0":[0,0]}}
,"F:\\KhoojLocal\\KL-Web\\server\\controllers\\adminController.js": {"path":"F:\\KhoojLocal\\KL-Web\\server\\controllers\\adminController.js","statementMap":{"0":{"start":{"line":1,"column":14},"end":{"line":1,"column":40}},"1":{"start":{"line":2,"column":13},"end":{"line":2,"column":38}},"2":{"start":{"line":3,"column":15},"end":{"line":3,"column":42}},"3":{"start":{"line":4,"column":22},"end":{"line":4,"column":55}},"4":{"start":{"line":9,"column":19},"end":{"line":51,"column":1}},"5":{"start":{"line":10,"column":2},"end":{"line":50,"column":3}},"6":{"start":{"line":11,"column":32},"end":{"line":11,"column":40}},"7":{"start":{"line":14,"column":4},"end":{"line":16,"column":5}},"8":{"start":{"line":15,"column":6},"end":{"line":15,"column":84}},"9":{"start":{"line":19,"column":18},"end":{"line":19,"column":68}},"10":{"start":{"line":21,"column":4},"end":{"line":23,"column":5}},"11":{"start":{"line":22,"column":6},"end":{"line":22,"column":76}},"12":{"start":{"line":26,"column":4},"end":{"line":28,"column":5}},"13":{"start":{"line":27,"column":6},"end":{"line":27,"column":84}},"14":{"start":{"line":31,"column":28},"end":{"line":31,"column":65}},"15":{"start":{"line":33,"column":4},"end":{"line":35,"column":5}},"16":{"start":{"line":34,"column":6},"end":{"line":34,"column":76}},"17":{"start":{"line":38,"column":4},"end":{"line":38,"column":72}},"18":{"start":{"line":40,"column":4},"end":{"line":46,"column":7}},"19":{"start":{"line":48,"column":24},"end":{"line":48,"column":104}},"20":{"start":{"line":49,"column":4},"end":{"line":49,"column":53}},"21":{"start":{"line":56,"column":24},"end":{"line":69,"column":1}},"22":{"start":{"line":57,"column":2},"end":{"line":68,"column":3}},"23":{"start":{"line":58,"column":18},"end":{"line":58,"column":52}},"24":{"start":{"line":60,"column":4},"end":{"line":64,"column":5}},"25":{"start":{"line":61,"column":6},"end":{"line":61,"column":22}},"26":{"start":{"line":63,"column":6},"end":{"line":63,"column":59}},"27":{"start":{"line":66,"column":24},"end":{"line":66,"column":110}},"28":{"start":{"line":67,"column":4},"end":{"line":67,"column":53}},"29":{"start":{"line":74,"column":26},"end":{"line":143,"column":1}},"30":{"start":{"line":75,"column":2},"end":{"line":142,"column":3}},"31":{"start":{"line":76,"column":24},"end":{"line":76,"column":106}},"32":{"start":{"line":79,"column":23},"end":{"line":79,"column":50}},"33":{"start":{"line":80,"column":24},"end":{"line":80,"column":100}},"34":{"start":{"line":83,"column":24},"end":{"line":85,"column":6}},"35":{"start":{"line":86,"column":24},"end":{"line":86,"column":102}},"36":{"start":{"line":89,"column":26},"end":{"line":92,"column":6}},"37":{"start":{"line":93,"column":24},"end":{"line":93,"column":106}},"38":{"start":{"line":96,"column":29},"end":{"line":98,"column":6}},"39":{"start":{"line":99,"column":24},"end":{"line":99,"column":112}},"40":{"start":{"line":102,"column":27},"end":{"line":102,"column":28}},"41":{"start":{"line":105,"column":27},"end":{"line":108,"column":48}},"42":{"start":{"line":111,"column":25},"end":{"line":111,"column":27}},"43":{"start":{"line":112,"column":4},"end":{"line":126,"column":5}},"44":{"start":{"line":112,"column":17},"end":{"line":112,"column":18}},"45":{"start":{"line":113,"column":24},"end":{"line":113,"column":34}},"46":{"start":{"line":114,"column":6},"end":{"line":114,"column":59}},"47":{"start":{"line":115,"column":22},"end":{"line":115,"column":32}},"48":{"start":{"line":116,"column":6},"end":{"line":116,"column":49}},"49":{"start":{"line":118,"column":20},"end":{"line":120,"column":8}},"50":{"start":{"line":122,"column":6},"end":{"line":125,"column":9}},"51":{"start":{"line":128,"column":4},"end":{"line":138,"column":7}},"52":{"start":{"line":140,"column":24},"end":{"line":140,"column":114}},"53":{"start":{"line":141,"column":4},"end":{"line":141,"column":53}},"54":{"start":{"line":145,"column":0},"end":{"line":149,"column":2}},"55":{"start":{"line":156,"column":85},"end":{"line":156,"column":46420}},"56":{"start":{"line":156,"column":89},"end":{"line":156,"column":46392}},"57":{"start":{"line":156,"column":46402},"end":{"line":156,"column":46419}}},"fnMap":{"0":{"name":"(anonymous_0)","decl":{"start":{"line":9,"column":19},"end":{"line":9,"column":20}},"loc":{"start":{"line":9,"column":39},"end":{"line":51,"column":1}},"line":9},"1":{"name":"(anonymous_1)","decl":{"start":{"line":56,"column":24},"end":{"line":56,"column":25}},"loc":{"start":{"line":56,"column":44},"end":{"line":69,"column":1}},"line":56},"2":{"name":"(anonymous_2)","decl":{"start":{"line":74,"column":26},"end":{"line":74,"column":27}},"loc":{"start":{"line":74,"column":46},"end":{"line":143,"column":1}},"line":74},"3":{"name":"oo_cm","decl":{"start":{"line":156,"column":77},"end":{"line":156,"column":82}},"loc":{"start":{"line":156,"column":84},"end":{"line":156,"column":46421}},"line":156}},"branchMap":{"0":{"loc":{"start":{"line":14,"column":4},"end":{"line":16,"column":5}},"type":"if","locations":[{"start":{"line":14,"column":4},"end":{"line":16,"column":5}},{"start":{},"end":{}}],"line":14},"1":{"loc":{"start":{"line":14,"column":8},"end":{"line":14,"column":27}},"type":"binary-expr","locations":[{"start":{"line":14,"column":8},"end":{"line":14,"column":14}},{"start":{"line":14,"column":18},"end":{"line":14,"column":27}}],"line":14},"2":{"loc":{"start":{"line":21,"column":4},"end":{"line":23,"column":5}},"type":"if","locations":[{"start":{"line":21,"column":4},"end":{"line":23,"column":5}},{"start":{},"end":{}}],"line":21},"3":{"loc":{"start":{"line":26,"column":4},"end":{"line":28,"column":5}},"type":"if","locations":[{"start":{"line":26,"column":4},"end":{"line":28,"column":5}},{"start":{},"end":{}}],"line":26},"4":{"loc":{"start":{"line":33,"column":4},"end":{"line":35,"column":5}},"type":"if","locations":[{"start":{"line":33,"column":4},"end":{"line":35,"column":5}},{"start":{},"end":{}}],"line":33},"5":{"loc":{"start":{"line":60,"column":4},"end":{"line":64,"column":5}},"type":"if","locations":[{"start":{"line":60,"column":4},"end":{"line":64,"column":5}},{"start":{"line":62,"column":11},"end":{"line":64,"column":5}}],"line":60},"6":{"loc":{"start":{"line":156,"column":96},"end":{"line":156,"column":46391}},"type":"binary-expr","locations":[{"start":{"line":156,"column":96},"end":{"line":156,"column":133}},{"start":{"line":156,"column":137},"end":{"line":156,"column":46391}}],"line":156}},"s":{"0":5,"1":5,"2":5,"3":5,"4":5,"5":12,"6":12,"7":12,"8":0,"9":12,"10":12,"11":2,"12":10,"13":0,"14":10,"15":10,"16":0,"17":10,"18":10,"19":0,"20":0,"21":5,"22":0,"23":0,"24":0,"25":0,"26":0,"27":0,"28":0,"29":5,"30":1,"31":1,"32":1,"33":1,"34":1,"35":1,"36":1,"37":1,"38":1,"39":1,"40":1,"41":1,"42":1,"43":1,"44":1,"45":4,"46":4,"47":4,"48":4,"49":4,"50":4,"51":1,"52":0,"53":0,"54":5,"55":5,"56":5,"57":0},"f":{"0":12,"1":0,"2":1,"3":5},"b":{"0":[0,12],"1":[12,12],"2":[2,10],"3":[0,10],"4":[0,10],"5":[0,0],"6":[5,0]},"_coverageSchema":"1a1c01bbd47fc00a2c39e90264f33305004495a9","hash":"7ba1a17fa0875d5045e9eceb025d18dcd4584274"}
,"F:\\KhoojLocal\\KL-Web\\server\\controllers\\adminManagementController.js": {"path":"F:\\KhoojLocal\\KL-Web\\server\\controllers\\adminManagementController.js","statementMap":{"0":{"start":{"line":1,"column":13},"end":{"line":1,"column":38}},"1":{"start":{"line":2,"column":15},"end":{"line":2,"column":42}},"2":{"start":{"line":7,"column":20},"end":{"line":15,"column":1}},"3":{"start":{"line":8,"column":2},"end":{"line":14,"column":3}},"4":{"start":{"line":9,"column":18},"end":{"line":9,"column":81}},"5":{"start":{"line":10,"column":4},"end":{"line":10,"column":20}},"6":{"start":{"line":12,"column":24},"end":{"line":12,"column":106}},"7":{"start":{"line":13,"column":4},"end":{"line":13,"column":53}},"8":{"start":{"line":20,"column":22},"end":{"line":28,"column":1}},"9":{"start":{"line":21,"column":2},"end":{"line":27,"column":3}},"10":{"start":{"line":22,"column":20},"end":{"line":22,"column":85}},"11":{"start":{"line":23,"column":4},"end":{"line":23,"column":22}},"12":{"start":{"line":25,"column":24},"end":{"line":25,"column":108}},"13":{"start":{"line":26,"column":4},"end":{"line":26,"column":53}},"14":{"start":{"line":33,"column":26},"end":{"line":41,"column":1}},"15":{"start":{"line":34,"column":2},"end":{"line":40,"column":3}},"16":{"start":{"line":35,"column":20},"end":{"line":35,"column":104}},"17":{"start":{"line":36,"column":4},"end":{"line":36,"column":22}},"18":{"start":{"line":38,"column":24},"end":{"line":38,"column":112}},"19":{"start":{"line":39,"column":4},"end":{"line":39,"column":53}},"20":{"start":{"line":46,"column":25},"end":{"line":75,"column":1}},"21":{"start":{"line":47,"column":2},"end":{"line":74,"column":3}},"22":{"start":{"line":48,"column":45},"end":{"line":48,"column":53}},"23":{"start":{"line":49,"column":23},"end":{"line":49,"column":25}},"24":{"start":{"line":51,"column":4},"end":{"line":53,"column":5}},"25":{"start":{"line":52,"column":6},"end":{"line":52,"column":37}},"26":{"start":{"line":56,"column":4},"end":{"line":56,"column":37}},"27":{"start":{"line":56,"column":14},"end":{"line":56,"column":37}},"28":{"start":{"line":57,"column":4},"end":{"line":57,"column":40}},"29":{"start":{"line":57,"column":15},"end":{"line":57,"column":40}},"30":{"start":{"line":58,"column":4},"end":{"line":58,"column":40}},"31":{"start":{"line":58,"column":15},"end":{"line":58,"column":40}},"32":{"start":{"line":60,"column":17},"end":{"line":64,"column":25}},"33":{"start":{"line":66,"column":4},"end":{"line":68,"column":5}},"34":{"start":{"line":67,"column":6},"end":{"line":67,"column":65}},"35":{"start":{"line":70,"column":4},"end":{"line":70,"column":19}},"36":{"start":{"line":72,"column":24},"end":{"line":72,"column":111}},"37":{"start":{"line":73,"column":4},"end":{"line":73,"column":53}},"38":{"start":{"line":80,"column":27},"end":{"line":137,"column":1}},"39":{"start":{"line":81,"column":2},"end":{"line":136,"column":3}},"40":{"start":{"line":94,"column":8},"end":{"line":94,"column":16}},"41":{"start":{"line":96,"column":23},"end":{"line":96,"column":25}},"42":{"start":{"line":99,"column":4},"end":{"line":105,"column":5}},"43":{"start":{"line":100,"column":6},"end":{"line":100,"column":33}},"44":{"start":{"line":101,"column":6},"end":{"line":104,"column":7}},"45":{"start":{"line":102,"column":8},"end":{"line":102,"column":43}},"46":{"start":{"line":103,"column":8},"end":{"line":103,"column":45}},"47":{"start":{"line":107,"column":4},"end":{"line":109,"column":5}},"48":{"start":{"line":108,"column":6},"end":{"line":108,"column":37}},"49":{"start":{"line":112,"column":4},"end":{"line":112,"column":61}},"50":{"start":{"line":112,"column":22},"end":{"line":112,"column":61}},"51":{"start":{"line":113,"column":4},"end":{"line":113,"column":40}},"52":{"start":{"line":113,"column":15},"end":{"line":113,"column":40}},"53":{"start":{"line":114,"column":4},"end":{"line":114,"column":40}},"54":{"start":{"line":114,"column":15},"end":{"line":114,"column":40}},"55":{"start":{"line":115,"column":4},"end":{"line":115,"column":49}},"56":{"start":{"line":115,"column":18},"end":{"line":115,"column":49}},"57":{"start":{"line":116,"column":4},"end":{"line":116,"column":58}},"58":{"start":{"line":116,"column":21},"end":{"line":116,"column":58}},"59":{"start":{"line":117,"column":4},"end":{"line":117,"column":46}},"60":{"start":{"line":117,"column":17},"end":{"line":117,"column":46}},"61":{"start":{"line":118,"column":4},"end":{"line":118,"column":52}},"62":{"start":{"line":118,"column":19},"end":{"line":118,"column":52}},"63":{"start":{"line":119,"column":4},"end":{"line":119,"column":55}},"64":{"start":{"line":119,"column":20},"end":{"line":119,"column":55}},"65":{"start":{"line":120,"column":4},"end":{"line":120,"column":55}},"66":{"start":{"line":120,"column":20},"end":{"line":120,"column":55}},"67":{"start":{"line":122,"column":19},"end":{"line":126,"column":25}},"68":{"start":{"line":128,"column":4},"end":{"line":130,"column":5}},"69":{"start":{"line":129,"column":6},"end":{"line":129,"column":67}},"70":{"start":{"line":132,"column":4},"end":{"line":132,"column":21}},"71":{"start":{"line":134,"column":24},"end":{"line":134,"column":115}},"72":{"start":{"line":135,"column":4},"end":{"line":135,"column":53}},"73":{"start":{"line":142,"column":19},"end":{"line":155,"column":1}},"74":{"start":{"line":143,"column":2},"end":{"line":154,"column":3}},"75":{"start":{"line":144,"column":17},"end":{"line":144,"column":60}},"76":{"start":{"line":146,"column":4},"end":{"line":148,"column":5}},"77":{"start":{"line":147,"column":6},"end":{"line":147,"column":65}},"78":{"start":{"line":150,"column":4},"end":{"line":150,"column":55}},"79":{"start":{"line":152,"column":24},"end":{"line":152,"column":106}},"80":{"start":{"line":153,"column":4},"end":{"line":153,"column":53}},"81":{"start":{"line":160,"column":21},"end":{"line":173,"column":1}},"82":{"start":{"line":161,"column":2},"end":{"line":172,"column":3}},"83":{"start":{"line":162,"column":19},"end":{"line":162,"column":64}},"84":{"start":{"line":164,"column":4},"end":{"line":166,"column":5}},"85":{"start":{"line":165,"column":6},"end":{"line":165,"column":67}},"86":{"start":{"line":168,"column":4},"end":{"line":168,"column":57}},"87":{"start":{"line":170,"column":24},"end":{"line":170,"column":108}},"88":{"start":{"line":171,"column":4},"end":{"line":171,"column":53}},"89":{"start":{"line":175,"column":0},"end":{"line":183,"column":2}},"90":{"start":{"line":190,"column":85},"end":{"line":190,"column":46420}},"91":{"start":{"line":190,"column":89},"end":{"line":190,"column":46392}},"92":{"start":{"line":190,"column":46402},"end":{"line":190,"column":46419}}},"fnMap":{"0":{"name":"(anonymous_0)","decl":{"start":{"line":7,"column":20},"end":{"line":7,"column":21}},"loc":{"start":{"line":7,"column":40},"end":{"line":15,"column":1}},"line":7},"1":{"name":"(anonymous_1)","decl":{"start":{"line":20,"column":22},"end":{"line":20,"column":23}},"loc":{"start":{"line":20,"column":42},"end":{"line":28,"column":1}},"line":20},"2":{"name":"(anonymous_2)","decl":{"start":{"line":33,"column":26},"end":{"line":33,"column":27}},"loc":{"start":{"line":33,"column":46},"end":{"line":41,"column":1}},"line":33},"3":{"name":"(anonymous_3)","decl":{"start":{"line":46,"column":25},"end":{"line":46,"column":26}},"loc":{"start":{"line":46,"column":45},"end":{"line":75,"column":1}},"line":46},"4":{"name":"(anonymous_4)","decl":{"start":{"line":80,"column":27},"end":{"line":80,"column":28}},"loc":{"start":{"line":80,"column":47},"end":{"line":137,"column":1}},"line":80},"5":{"name":"(anonymous_5)","decl":{"start":{"line":142,"column":19},"end":{"line":142,"column":20}},"loc":{"start":{"line":142,"column":39},"end":{"line":155,"column":1}},"line":142},"6":{"name":"(anonymous_6)","decl":{"start":{"line":160,"column":21},"end":{"line":160,"column":22}},"loc":{"start":{"line":160,"column":41},"end":{"line":173,"column":1}},"line":160},"7":{"name":"oo_cm","decl":{"start":{"line":190,"column":77},"end":{"line":190,"column":82}},"loc":{"start":{"line":190,"column":84},"end":{"line":190,"column":46421}},"line":190}},"branchMap":{"0":{"loc":{"start":{"line":51,"column":4},"end":{"line":53,"column":5}},"type":"if","locations":[{"start":{"line":51,"column":4},"end":{"line":53,"column":5}},{"start":{},"end":{}}],"line":51},"1":{"loc":{"start":{"line":56,"column":4},"end":{"line":56,"column":37}},"type":"if","locations":[{"start":{"line":56,"column":4},"end":{"line":56,"column":37}},{"start":{},"end":{}}],"line":56},"2":{"loc":{"start":{"line":57,"column":4},"end":{"line":57,"column":40}},"type":"if","locations":[{"start":{"line":57,"column":4},"end":{"line":57,"column":40}},{"start":{},"end":{}}],"line":57},"3":{"loc":{"start":{"line":58,"column":4},"end":{"line":58,"column":40}},"type":"if","locations":[{"start":{"line":58,"column":4},"end":{"line":58,"column":40}},{"start":{},"end":{}}],"line":58},"4":{"loc":{"start":{"line":66,"column":4},"end":{"line":68,"column":5}},"type":"if","locations":[{"start":{"line":66,"column":4},"end":{"line":68,"column":5}},{"start":{},"end":{}}],"line":66},"5":{"loc":{"start":{"line":99,"column":4},"end":{"line":105,"column":5}},"type":"if","locations":[{"start":{"line":99,"column":4},"end":{"line":105,"column":5}},{"start":{},"end":{}}],"line":99},"6":{"loc":{"start":{"line":101,"column":6},"end":{"line":104,"column":7}},"type":"if","locations":[{"start":{"line":101,"column":6},"end":{"line":104,"column":7}},{"start":{},"end":{}}],"line":101},"7":{"loc":{"start":{"line":107,"column":4},"end":{"line":109,"column":5}},"type":"if","locations":[{"start":{"line":107,"column":4},"end":{"line":109,"column":5}},{"start":{},"end":{}}],"line":107},"8":{"loc":{"start":{"line":112,"column":4},"end":{"line":112,"column":61}},"type":"if","locations":[{"start":{"line":112,"column":4},"end":{"line":112,"column":61}},{"start":{},"end":{}}],"line":112},"9":{"loc":{"start":{"line":113,"column":4},"end":{"line":113,"column":40}},"type":"if","locations":[{"start":{"line":113,"column":4},"end":{"line":113,"column":40}},{"start":{},"end":{}}],"line":113},"10":{"loc":{"start":{"line":114,"column":4},"end":{"line":114,"column":40}},"type":"if","locations":[{"start":{"line":114,"column":4},"end":{"line":114,"column":40}},{"start":{},"end":{}}],"line":114},"11":{"loc":{"start":{"line":115,"column":4},"end":{"line":115,"column":49}},"type":"if","locations":[{"start":{"line":115,"column":4},"end":{"line":115,"column":49}},{"start":{},"end":{}}],"line":115},"12":{"loc":{"start":{"line":116,"column":4},"end":{"line":116,"column":58}},"type":"if","locations":[{"start":{"line":116,"column":4},"end":{"line":116,"column":58}},{"start":{},"end":{}}],"line":116},"13":{"loc":{"start":{"line":117,"column":4},"end":{"line":117,"column":46}},"type":"if","locations":[{"start":{"line":117,"column":4},"end":{"line":117,"column":46}},{"start":{},"end":{}}],"line":117},"14":{"loc":{"start":{"line":118,"column":4},"end":{"line":118,"column":52}},"type":"if","locations":[{"start":{"line":118,"column":4},"end":{"line":118,"column":52}},{"start":{},"end":{}}],"line":118},"15":{"loc":{"start":{"line":119,"column":4},"end":{"line":119,"column":55}},"type":"if","locations":[{"start":{"line":119,"column":4},"end":{"line":119,"column":55}},{"start":{},"end":{}}],"line":119},"16":{"loc":{"start":{"line":120,"column":4},"end":{"line":120,"column":55}},"type":"if","locations":[{"start":{"line":120,"column":4},"end":{"line":120,"column":55}},{"start":{},"end":{}}],"line":120},"17":{"loc":{"start":{"line":128,"column":4},"end":{"line":130,"column":5}},"type":"if","locations":[{"start":{"line":128,"column":4},"end":{"line":130,"column":5}},{"start":{},"end":{}}],"line":128},"18":{"loc":{"start":{"line":146,"column":4},"end":{"line":148,"column":5}},"type":"if","locations":[{"start":{"line":146,"column":4},"end":{"line":148,"column":5}},{"start":{},"end":{}}],"line":146},"19":{"loc":{"start":{"line":164,"column":4},"end":{"line":166,"column":5}},"type":"if","locations":[{"start":{"line":164,"column":4},"end":{"line":166,"column":5}},{"start":{},"end":{}}],"line":164},"20":{"loc":{"start":{"line":190,"column":96},"end":{"line":190,"column":46391}},"type":"binary-expr","locations":[{"start":{"line":190,"column":96},"end":{"line":190,"column":133}},{"start":{"line":190,"column":137},"end":{"line":190,"column":46391}}],"line":190}},"s":{"0":5,"1":5,"2":5,"3":1,"4":1,"5":1,"6":0,"7":0,"8":5,"9":0,"10":0,"11":0,"12":0,"13":0,"14":5,"15":0,"16":0,"17":0,"18":0,"19":0,"20":5,"21":0,"22":0,"23":0,"24":0,"25":0,"26":0,"27":0,"28":0,"29":0,"30":0,"31":0,"32":0,"33":0,"34":0,"35":0,"36":0,"37":0,"38":5,"39":0,"40":0,"41":0,"42":0,"43":0,"44":0,"45":0,"46":0,"47":0,"48":0,"49":0,"50":0,"51":0,"52":0,"53":0,"54":0,"55":0,"56":0,"57":0,"58":0,"59":0,"60":0,"61":0,"62":0,"63":0,"64":0,"65":0,"66":0,"67":0,"68":0,"69":0,"70":0,"71":0,"72":0,"73":5,"74":0,"75":0,"76":0,"77":0,"78":0,"79":0,"80":0,"81":5,"82":0,"83":0,"84":0,"85":0,"86":0,"87":0,"88":0,"89":5,"90":0,"91":0,"92":0},"f":{"0":1,"1":0,"2":0,"3":0,"4":0,"5":0,"6":0,"7":0},"b":{"0":[0,0],"1":[0,0],"2":[0,0],"3":[0,0],"4":[0,0],"5":[0,0],"6":[0,0],"7":[0,0],"8":[0,0],"9":[0,0],"10":[0,0],"11":[0,0],"12":[0,0],"13":[0,0],"14":[0,0],"15":[0,0],"16":[0,0],"17":[0,0],"18":[0,0],"19":[0,0],"20":[0,0]},"_coverageSchema":"1a1c01bbd47fc00a2c39e90264f33305004495a9","hash":"08b174392fbad8d5e93e9d67ada4e1399acf3924"}
,"F:\\KhoojLocal\\KL-Web\\server\\controllers\\publicController.js": {"path":"F:\\KhoojLocal\\KL-Web\\server\\controllers\\publicController.js","statementMap":{"0":{"start":{"line":1,"column":15},"end":{"line":1,"column":42}},"1":{"start":{"line":6,"column":27},"end":{"line":33,"column":1}},"2":{"start":{"line":7,"column":2},"end":{"line":32,"column":3}},"3":{"start":{"line":8,"column":33},"end":{"line":8,"column":42}},"4":{"start":{"line":10,"column":16},"end":{"line":10,"column":54}},"5":{"start":{"line":13,"column":4},"end":{"line":15,"column":5}},"6":{"start":{"line":14,"column":6},"end":{"line":14,"column":32}},"7":{"start":{"line":18,"column":4},"end":{"line":24,"column":5}},"8":{"start":{"line":19,"column":6},"end":{"line":23,"column":8}},"9":{"start":{"line":26,"column":20},"end":{"line":26,"column":100}},"10":{"start":{"line":28,"column":4},"end":{"line":28,"column":22}},"11":{"start":{"line":30,"column":24},"end":{"line":30,"column":113}},"12":{"start":{"line":31,"column":4},"end":{"line":31,"column":53}},"13":{"start":{"line":38,"column":22},"end":{"line":56,"column":1}},"14":{"start":{"line":39,"column":2},"end":{"line":55,"column":3}},"15":{"start":{"line":40,"column":19},"end":{"line":40,"column":75}},"16":{"start":{"line":42,"column":4},"end":{"line":44,"column":5}},"17":{"start":{"line":43,"column":6},"end":{"line":43,"column":67}},"18":{"start":{"line":47,"column":4},"end":{"line":49,"column":5}},"19":{"start":{"line":48,"column":6},"end":{"line":48,"column":71}},"20":{"start":{"line":51,"column":4},"end":{"line":51,"column":21}},"21":{"start":{"line":53,"column":24},"end":{"line":53,"column":109}},"22":{"start":{"line":54,"column":4},"end":{"line":54,"column":53}},"23":{"start":{"line":58,"column":0},"end":{"line":61,"column":2}},"24":{"start":{"line":68,"column":85},"end":{"line":68,"column":46420}},"25":{"start":{"line":68,"column":89},"end":{"line":68,"column":46392}},"26":{"start":{"line":68,"column":46402},"end":{"line":68,"column":46419}}},"fnMap":{"0":{"name":"(anonymous_0)","decl":{"start":{"line":6,"column":27},"end":{"line":6,"column":28}},"loc":{"start":{"line":6,"column":47},"end":{"line":33,"column":1}},"line":6},"1":{"name":"(anonymous_1)","decl":{"start":{"line":38,"column":22},"end":{"line":38,"column":23}},"loc":{"start":{"line":38,"column":42},"end":{"line":56,"column":1}},"line":38},"2":{"name":"oo_cm","decl":{"start":{"line":68,"column":77},"end":{"line":68,"column":82}},"loc":{"start":{"line":68,"column":84},"end":{"line":68,"column":46421}},"line":68}},"branchMap":{"0":{"loc":{"start":{"line":13,"column":4},"end":{"line":15,"column":5}},"type":"if","locations":[{"start":{"line":13,"column":4},"end":{"line":15,"column":5}},{"start":{},"end":{}}],"line":13},"1":{"loc":{"start":{"line":13,"column":8},"end":{"line":13,"column":38}},"type":"binary-expr","locations":[{"start":{"line":13,"column":8},"end":{"line":13,"column":16}},{"start":{"line":13,"column":20},"end":{"line":13,"column":38}}],"line":13},"2":{"loc":{"start":{"line":18,"column":4},"end":{"line":24,"column":5}},"type":"if","locations":[{"start":{"line":18,"column":4},"end":{"line":24,"column":5}},{"start":{},"end":{}}],"line":18},"3":{"loc":{"start":{"line":42,"column":4},"end":{"line":44,"column":5}},"type":"if","locations":[{"start":{"line":42,"column":4},"end":{"line":44,"column":5}},{"start":{},"end":{}}],"line":42},"4":{"loc":{"start":{"line":47,"column":4},"end":{"line":49,"column":5}},"type":"if","locations":[{"start":{"line":47,"column":4},"end":{"line":49,"column":5}},{"start":{},"end":{}}],"line":47},"5":{"loc":{"start":{"line":47,"column":8},"end":{"line":47,"column":56}},"type":"binary-expr","locations":[{"start":{"line":47,"column":8},"end":{"line":47,"column":36}},{"start":{"line":47,"column":40},"end":{"line":47,"column":56}}],"line":47},"6":{"loc":{"start":{"line":68,"column":96},"end":{"line":68,"column":46391}},"type":"binary-expr","locations":[{"start":{"line":68,"column":96},"end":{"line":68,"column":133}},{"start":{"line":68,"column":137},"end":{"line":68,"column":46391}}],"line":68}},"s":{"0":5,"1":5,"2":0,"3":0,"4":0,"5":0,"6":0,"7":0,"8":0,"9":0,"10":0,"11":0,"12":0,"13":5,"14":0,"15":0,"16":0,"17":0,"18":0,"19":0,"20":0,"21":0,"22":0,"23":5,"24":0,"25":0,"26":0},"f":{"0":0,"1":0,"2":0},"b":{"0":[0,0],"1":[0,0],"2":[0,0],"3":[0,0],"4":[0,0],"5":[0,0],"6":[0,0]},"_coverageSchema":"1a1c01bbd47fc00a2c39e90264f33305004495a9","hash":"4f0b3533a9dcae054bab6a71b524c77e9ce63ab3"}
,"F:\\KhoojLocal\\KL-Web\\server\\controllers\\userController.js": {"path":"F:\\KhoojLocal\\KL-Web\\server\\controllers\\userController.js","statementMap":{"0":{"start":{"line":1,"column":13},"end":{"line":1,"column":38}},"1":{"start":{"line":2,"column":22},"end":{"line":2,"column":55}},"2":{"start":{"line":7,"column":21},"end":{"line":46,"column":1}},"3":{"start":{"line":8,"column":2},"end":{"line":45,"column":3}},"4":{"start":{"line":9,"column":45},"end":{"line":9,"column":53}},"5":{"start":{"line":12,"column":4},"end":{"line":14,"column":5}},"6":{"start":{"line":13,"column":6},"end":{"line":13,"column":85}},"7":{"start":{"line":17,"column":23},"end":{"line":17,"column":52}},"8":{"start":{"line":18,"column":4},"end":{"line":20,"column":5}},"9":{"start":{"line":19,"column":6},"end":{"line":19,"column":86}},"10":{"start":{"line":23,"column":17},"end":{"line":28,"column":6}},"11":{"start":{"line":30,"column":4},"end":{"line":41,"column":5}},"12":{"start":{"line":31,"column":6},"end":{"line":38,"column":9}},"13":{"start":{"line":40,"column":6},"end":{"line":40,"column":61}},"14":{"start":{"line":43,"column":24},"end":{"line":43,"column":106}},"15":{"start":{"line":44,"column":4},"end":{"line":44,"column":53}},"16":{"start":{"line":51,"column":18},"end":{"line":94,"column":1}},"17":{"start":{"line":52,"column":2},"end":{"line":93,"column":3}},"18":{"start":{"line":53,"column":32},"end":{"line":53,"column":40}},"19":{"start":{"line":56,"column":4},"end":{"line":58,"column":5}},"20":{"start":{"line":57,"column":6},"end":{"line":57,"column":84}},"21":{"start":{"line":61,"column":17},"end":{"line":61,"column":66}},"22":{"start":{"line":63,"column":4},"end":{"line":65,"column":5}},"23":{"start":{"line":64,"column":6},"end":{"line":64,"column":76}},"24":{"start":{"line":68,"column":4},"end":{"line":70,"column":5}},"25":{"start":{"line":69,"column":6},"end":{"line":69,"column":84}},"26":{"start":{"line":73,"column":28},"end":{"line":73,"column":64}},"27":{"start":{"line":75,"column":4},"end":{"line":77,"column":5}},"28":{"start":{"line":76,"column":6},"end":{"line":76,"column":76}},"29":{"start":{"line":80,"column":4},"end":{"line":80,"column":70}},"30":{"start":{"line":82,"column":4},"end":{"line":89,"column":7}},"31":{"start":{"line":91,"column":24},"end":{"line":91,"column":103}},"32":{"start":{"line":92,"column":4},"end":{"line":92,"column":53}},"33":{"start":{"line":99,"column":23},"end":{"line":120,"column":1}},"34":{"start":{"line":100,"column":2},"end":{"line":119,"column":3}},"35":{"start":{"line":101,"column":17},"end":{"line":101,"column":50}},"36":{"start":{"line":103,"column":4},"end":{"line":115,"column":5}},"37":{"start":{"line":104,"column":6},"end":{"line":112,"column":9}},"38":{"start":{"line":114,"column":6},"end":{"line":114,"column":58}},"39":{"start":{"line":117,"column":24},"end":{"line":117,"column":111}},"40":{"start":{"line":118,"column":4},"end":{"line":118,"column":53}},"41":{"start":{"line":122,"column":0},"end":{"line":126,"column":2}},"42":{"start":{"line":133,"column":85},"end":{"line":133,"column":46420}},"43":{"start":{"line":133,"column":89},"end":{"line":133,"column":46392}},"44":{"start":{"line":133,"column":46402},"end":{"line":133,"column":46419}}},"fnMap":{"0":{"name":"(anonymous_0)","decl":{"start":{"line":7,"column":21},"end":{"line":7,"column":22}},"loc":{"start":{"line":7,"column":41},"end":{"line":46,"column":1}},"line":7},"1":{"name":"(anonymous_1)","decl":{"start":{"line":51,"column":18},"end":{"line":51,"column":19}},"loc":{"start":{"line":51,"column":38},"end":{"line":94,"column":1}},"line":51},"2":{"name":"(anonymous_2)","decl":{"start":{"line":99,"column":23},"end":{"line":99,"column":24}},"loc":{"start":{"line":99,"column":43},"end":{"line":120,"column":1}},"line":99},"3":{"name":"oo_cm","decl":{"start":{"line":133,"column":77},"end":{"line":133,"column":82}},"loc":{"start":{"line":133,"column":84},"end":{"line":133,"column":46421}},"line":133}},"branchMap":{"0":{"loc":{"start":{"line":12,"column":4},"end":{"line":14,"column":5}},"type":"if","locations":[{"start":{"line":12,"column":4},"end":{"line":14,"column":5}},{"start":{},"end":{}}],"line":12},"1":{"loc":{"start":{"line":12,"column":8},"end":{"line":12,"column":36}},"type":"binary-expr","locations":[{"start":{"line":12,"column":8},"end":{"line":12,"column":13}},{"start":{"line":12,"column":17},"end":{"line":12,"column":23}},{"start":{"line":12,"column":27},"end":{"line":12,"column":36}}],"line":12},"2":{"loc":{"start":{"line":18,"column":4},"end":{"line":20,"column":5}},"type":"if","locations":[{"start":{"line":18,"column":4},"end":{"line":20,"column":5}},{"start":{},"end":{}}],"line":18},"3":{"loc":{"start":{"line":30,"column":4},"end":{"line":41,"column":5}},"type":"if","locations":[{"start":{"line":30,"column":4},"end":{"line":41,"column":5}},{"start":{"line":39,"column":11},"end":{"line":41,"column":5}}],"line":30},"4":{"loc":{"start":{"line":56,"column":4},"end":{"line":58,"column":5}},"type":"if","locations":[{"start":{"line":56,"column":4},"end":{"line":58,"column":5}},{"start":{},"end":{}}],"line":56},"5":{"loc":{"start":{"line":56,"column":8},"end":{"line":56,"column":27}},"type":"binary-expr","locations":[{"start":{"line":56,"column":8},"end":{"line":56,"column":14}},{"start":{"line":56,"column":18},"end":{"line":56,"column":27}}],"line":56},"6":{"loc":{"start":{"line":63,"column":4},"end":{"line":65,"column":5}},"type":"if","locations":[{"start":{"line":63,"column":4},"end":{"line":65,"column":5}},{"start":{},"end":{}}],"line":63},"7":{"loc":{"start":{"line":68,"column":4},"end":{"line":70,"column":5}},"type":"if","locations":[{"start":{"line":68,"column":4},"end":{"line":70,"column":5}},{"start":{},"end":{}}],"line":68},"8":{"loc":{"start":{"line":75,"column":4},"end":{"line":77,"column":5}},"type":"if","locations":[{"start":{"line":75,"column":4},"end":{"line":77,"column":5}},{"start":{},"end":{}}],"line":75},"9":{"loc":{"start":{"line":103,"column":4},"end":{"line":115,"column":5}},"type":"if","locations":[{"start":{"line":103,"column":4},"end":{"line":115,"column":5}},{"start":{"line":113,"column":11},"end":{"line":115,"column":5}}],"line":103},"10":{"loc":{"start":{"line":133,"column":96},"end":{"line":133,"column":46391}},"type":"binary-expr","locations":[{"start":{"line":133,"column":96},"end":{"line":133,"column":133}},{"start":{"line":133,"column":137},"end":{"line":133,"column":46391}}],"line":133}},"s":{"0":5,"1":5,"2":5,"3":7,"4":7,"5":7,"6":1,"7":6,"8":6,"9":1,"10":5,"11":3,"12":3,"13":0,"14":2,"15":2,"16":5,"17":5,"18":5,"19":5,"20":0,"21":5,"22":5,"23":2,"24":3,"25":0,"26":3,"27":3,"28":1,"29":2,"30":2,"31":0,"32":0,"33":5,"34":0,"35":0,"36":0,"37":0,"38":0,"39":0,"40":0,"41":5,"42":2,"43":2,"44":0},"f":{"0":7,"1":5,"2":0,"3":2},"b":{"0":[1,6],"1":[7,7,6],"2":[1,5],"3":[3,0],"4":[0,5],"5":[5,5],"6":[2,3],"7":[0,3],"8":[1,2],"9":[0,0],"10":[2,1]},"_coverageSchema":"1a1c01bbd47fc00a2c39e90264f33305004495a9","hash":"900f62e79a08c953d94b7e0edffdde6d569ac282"}
,"F:\\KhoojLocal\\KL-Web\\server\\controllers\\vendorController.js": {"path":"F:\\KhoojLocal\\KL-Web\\server\\controllers\\vendorController.js","statementMap":{"0":{"start":{"line":1,"column":15},"end":{"line":1,"column":42}},"1":{"start":{"line":2,"column":22},"end":{"line":2,"column":55}},"2":{"start":{"line":7,"column":23},"end":{"line":67,"column":1}},"3":{"start":{"line":8,"column":2},"end":{"line":66,"column":3}},"4":{"start":{"line":20,"column":8},"end":{"line":20,"column":16}},"5":{"start":{"line":23,"column":4},"end":{"line":25,"column":5}},"6":{"start":{"line":24,"column":6},"end":{"line":24,"column":85}},"7":{"start":{"line":28,"column":25},"end":{"line":28,"column":56}},"8":{"start":{"line":29,"column":4},"end":{"line":31,"column":5}},"9":{"start":{"line":30,"column":6},"end":{"line":30,"column":88}},"10":{"start":{"line":34,"column":19},"end":{"line":46,"column":6}},"11":{"start":{"line":48,"column":4},"end":{"line":62,"column":5}},"12":{"start":{"line":49,"column":6},"end":{"line":59,"column":9}},"13":{"start":{"line":61,"column":6},"end":{"line":61,"column":63}},"14":{"start":{"line":64,"column":24},"end":{"line":64,"column":107}},"15":{"start":{"line":65,"column":4},"end":{"line":65,"column":53}},"16":{"start":{"line":72,"column":20},"end":{"line":130,"column":1}},"17":{"start":{"line":73,"column":2},"end":{"line":129,"column":3}},"18":{"start":{"line":74,"column":32},"end":{"line":74,"column":40}},"19":{"start":{"line":77,"column":4},"end":{"line":79,"column":5}},"20":{"start":{"line":78,"column":6},"end":{"line":78,"column":84}},"21":{"start":{"line":82,"column":19},"end":{"line":82,"column":70}},"22":{"start":{"line":84,"column":4},"end":{"line":86,"column":5}},"23":{"start":{"line":85,"column":6},"end":{"line":85,"column":76}},"24":{"start":{"line":89,"column":4},"end":{"line":91,"column":5}},"25":{"start":{"line":90,"column":6},"end":{"line":90,"column":84}},"26":{"start":{"line":94,"column":4},"end":{"line":96,"column":5}},"27":{"start":{"line":95,"column":6},"end":{"line":95,"column":99}},"28":{"start":{"line":98,"column":4},"end":{"line":100,"column":5}},"29":{"start":{"line":99,"column":6},"end":{"line":99,"column":85}},"30":{"start":{"line":102,"column":4},"end":{"line":104,"column":5}},"31":{"start":{"line":103,"column":6},"end":{"line":103,"column":82}},"32":{"start":{"line":107,"column":28},"end":{"line":107,"column":66}},"33":{"start":{"line":109,"column":4},"end":{"line":111,"column":5}},"34":{"start":{"line":110,"column":6},"end":{"line":110,"column":76}},"35":{"start":{"line":114,"column":4},"end":{"line":114,"column":74}},"36":{"start":{"line":116,"column":4},"end":{"line":125,"column":7}},"37":{"start":{"line":127,"column":24},"end":{"line":127,"column":106}},"38":{"start":{"line":128,"column":4},"end":{"line":128,"column":53}},"39":{"start":{"line":135,"column":25},"end":{"line":148,"column":1}},"40":{"start":{"line":136,"column":2},"end":{"line":147,"column":3}},"41":{"start":{"line":137,"column":19},"end":{"line":137,"column":54}},"42":{"start":{"line":139,"column":4},"end":{"line":143,"column":5}},"43":{"start":{"line":140,"column":6},"end":{"line":140,"column":23}},"44":{"start":{"line":142,"column":6},"end":{"line":142,"column":60}},"45":{"start":{"line":145,"column":24},"end":{"line":145,"column":112}},"46":{"start":{"line":146,"column":4},"end":{"line":146,"column":53}},"47":{"start":{"line":153,"column":28},"end":{"line":175,"column":1}},"48":{"start":{"line":154,"column":2},"end":{"line":174,"column":3}},"49":{"start":{"line":155,"column":19},"end":{"line":155,"column":54}},"50":{"start":{"line":157,"column":4},"end":{"line":170,"column":5}},"51":{"start":{"line":158,"column":6},"end":{"line":158,"column":73}},"52":{"start":{"line":159,"column":6},"end":{"line":159,"column":64}},"53":{"start":{"line":160,"column":6},"end":{"line":160,"column":52}},"54":{"start":{"line":161,"column":6},"end":{"line":161,"column":58}},"55":{"start":{"line":162,"column":6},"end":{"line":162,"column":70}},"56":{"start":{"line":163,"column":6},"end":{"line":163,"column":61}},"57":{"start":{"line":164,"column":6},"end":{"line":164,"column":76}},"58":{"start":{"line":166,"column":28},"end":{"line":166,"column":47}},"59":{"start":{"line":167,"column":6},"end":{"line":167,"column":30}},"60":{"start":{"line":169,"column":6},"end":{"line":169,"column":60}},"61":{"start":{"line":172,"column":24},"end":{"line":172,"column":115}},"62":{"start":{"line":173,"column":4},"end":{"line":173,"column":53}},"63":{"start":{"line":177,"column":0},"end":{"line":182,"column":2}},"64":{"start":{"line":189,"column":85},"end":{"line":189,"column":46420}},"65":{"start":{"line":189,"column":89},"end":{"line":189,"column":46392}},"66":{"start":{"line":189,"column":46402},"end":{"line":189,"column":46419}}},"fnMap":{"0":{"name":"(anonymous_0)","decl":{"start":{"line":7,"column":23},"end":{"line":7,"column":24}},"loc":{"start":{"line":7,"column":43},"end":{"line":67,"column":1}},"line":7},"1":{"name":"(anonymous_1)","decl":{"start":{"line":72,"column":20},"end":{"line":72,"column":21}},"loc":{"start":{"line":72,"column":40},"end":{"line":130,"column":1}},"line":72},"2":{"name":"(anonymous_2)","decl":{"start":{"line":135,"column":25},"end":{"line":135,"column":26}},"loc":{"start":{"line":135,"column":45},"end":{"line":148,"column":1}},"line":135},"3":{"name":"(anonymous_3)","decl":{"start":{"line":153,"column":28},"end":{"line":153,"column":29}},"loc":{"start":{"line":153,"column":48},"end":{"line":175,"column":1}},"line":153},"4":{"name":"oo_cm","decl":{"start":{"line":189,"column":77},"end":{"line":189,"column":82}},"loc":{"start":{"line":189,"column":84},"end":{"line":189,"column":46421}},"line":189}},"branchMap":{"0":{"loc":{"start":{"line":23,"column":4},"end":{"line":25,"column":5}},"type":"if","locations":[{"start":{"line":23,"column":4},"end":{"line":25,"column":5}},{"start":{},"end":{}}],"line":23},"1":{"loc":{"start":{"line":23,"column":8},"end":{"line":23,"column":81}},"type":"binary-expr","locations":[{"start":{"line":23,"column":8},"end":{"line":23,"column":21}},{"start":{"line":23,"column":25},"end":{"line":23,"column":35}},{"start":{"line":23,"column":39},"end":{"line":23,"column":45}},{"start":{"line":23,"column":49},"end":{"line":23,"column":58}},{"start":{"line":23,"column":62},"end":{"line":23,"column":68}},{"start":{"line":23,"column":72},"end":{"line":23,"column":81}}],"line":23},"2":{"loc":{"start":{"line":29,"column":4},"end":{"line":31,"column":5}},"type":"if","locations":[{"start":{"line":29,"column":4},"end":{"line":31,"column":5}},{"start":{},"end":{}}],"line":29},"3":{"loc":{"start":{"line":44,"column":14},"end":{"line":44,"column":61}},"type":"binary-expr","locations":[{"start":{"line":44,"column":14},"end":{"line":44,"column":20}},{"start":{"line":44,"column":24},"end":{"line":44,"column":61}}],"line":44},"4":{"loc":{"start":{"line":48,"column":4},"end":{"line":62,"column":5}},"type":"if","locations":[{"start":{"line":48,"column":4},"end":{"line":62,"column":5}},{"start":{"line":60,"column":11},"end":{"line":62,"column":5}}],"line":48},"5":{"loc":{"start":{"line":77,"column":4},"end":{"line":79,"column":5}},"type":"if","locations":[{"start":{"line":77,"column":4},"end":{"line":79,"column":5}},{"start":{},"end":{}}],"line":77},"6":{"loc":{"start":{"line":77,"column":8},"end":{"line":77,"column":27}},"type":"binary-expr","locations":[{"start":{"line":77,"column":8},"end":{"line":77,"column":14}},{"start":{"line":77,"column":18},"end":{"line":77,"column":27}}],"line":77},"7":{"loc":{"start":{"line":84,"column":4},"end":{"line":86,"column":5}},"type":"if","locations":[{"start":{"line":84,"column":4},"end":{"line":86,"column":5}},{"start":{},"end":{}}],"line":84},"8":{"loc":{"start":{"line":89,"column":4},"end":{"line":91,"column":5}},"type":"if","locations":[{"start":{"line":89,"column":4},"end":{"line":91,"column":5}},{"start":{},"end":{}}],"line":89},"9":{"loc":{"start":{"line":94,"column":4},"end":{"line":96,"column":5}},"type":"if","locations":[{"start":{"line":94,"column":4},"end":{"line":96,"column":5}},{"start":{},"end":{}}],"line":94},"10":{"loc":{"start":{"line":98,"column":4},"end":{"line":100,"column":5}},"type":"if","locations":[{"start":{"line":98,"column":4},"end":{"line":100,"column":5}},{"start":{},"end":{}}],"line":98},"11":{"loc":{"start":{"line":102,"column":4},"end":{"line":104,"column":5}},"type":"if","locations":[{"start":{"line":102,"column":4},"end":{"line":104,"column":5}},{"start":{},"end":{}}],"line":102},"12":{"loc":{"start":{"line":109,"column":4},"end":{"line":111,"column":5}},"type":"if","locations":[{"start":{"line":109,"column":4},"end":{"line":111,"column":5}},{"start":{},"end":{}}],"line":109},"13":{"loc":{"start":{"line":139,"column":4},"end":{"line":143,"column":5}},"type":"if","locations":[{"start":{"line":139,"column":4},"end":{"line":143,"column":5}},{"start":{"line":141,"column":11},"end":{"line":143,"column":5}}],"line":139},"14":{"loc":{"start":{"line":157,"column":4},"end":{"line":170,"column":5}},"type":"if","locations":[{"start":{"line":157,"column":4},"end":{"line":170,"column":5}},{"start":{"line":168,"column":11},"end":{"line":170,"column":5}}],"line":157},"15":{"loc":{"start":{"line":158,"column":28},"end":{"line":158,"column":72}},"type":"binary-expr","locations":[{"start":{"line":158,"column":28},"end":{"line":158,"column":49}},{"start":{"line":158,"column":53},"end":{"line":158,"column":72}}],"line":158},"16":{"loc":{"start":{"line":159,"column":25},"end":{"line":159,"column":63}},"type":"binary-expr","locations":[{"start":{"line":159,"column":25},"end":{"line":159,"column":43}},{"start":{"line":159,"column":47},"end":{"line":159,"column":63}}],"line":159},"17":{"loc":{"start":{"line":160,"column":21},"end":{"line":160,"column":51}},"type":"binary-expr","locations":[{"start":{"line":160,"column":21},"end":{"line":160,"column":35}},{"start":{"line":160,"column":39},"end":{"line":160,"column":51}}],"line":160},"18":{"loc":{"start":{"line":161,"column":23},"end":{"line":161,"column":57}},"type":"binary-expr","locations":[{"start":{"line":161,"column":23},"end":{"line":161,"column":39}},{"start":{"line":161,"column":43},"end":{"line":161,"column":57}}],"line":161},"19":{"loc":{"start":{"line":162,"column":27},"end":{"line":162,"column":69}},"type":"binary-expr","locations":[{"start":{"line":162,"column":27},"end":{"line":162,"column":47}},{"start":{"line":162,"column":51},"end":{"line":162,"column":69}}],"line":162},"20":{"loc":{"start":{"line":163,"column":24},"end":{"line":163,"column":60}},"type":"binary-expr","locations":[{"start":{"line":163,"column":24},"end":{"line":163,"column":41}},{"start":{"line":163,"column":45},"end":{"line":163,"column":60}}],"line":163},"21":{"loc":{"start":{"line":164,"column":29},"end":{"line":164,"column":75}},"type":"binary-expr","locations":[{"start":{"line":164,"column":29},"end":{"line":164,"column":51}},{"start":{"line":164,"column":55},"end":{"line":164,"column":75}}],"line":164},"22":{"loc":{"start":{"line":189,"column":96},"end":{"line":189,"column":46391}},"type":"binary-expr","locations":[{"start":{"line":189,"column":96},"end":{"line":189,"column":133}},{"start":{"line":189,"column":137},"end":{"line":189,"column":46391}}],"line":189}},"s":{"0":5,"1":5,"2":5,"3":5,"4":5,"5":5,"6":0,"7":5,"8":5,"9":1,"10":4,"11":4,"12":4,"13":0,"14":0,"15":0,"16":5,"17":0,"18":0,"19":0,"20":0,"21":0,"22":0,"23":0,"24":0,"25":0,"26":0,"27":0,"28":0,"29":0,"30":0,"31":0,"32":0,"33":0,"34":0,"35":0,"36":0,"37":0,"38":0,"39":5,"40":0,"41":0,"42":0,"43":0,"44":0,"45":0,"46":0,"47":5,"48":0,"49":0,"50":0,"51":0,"52":0,"53":0,"54":0,"55":0,"56":0,"57":0,"58":0,"59":0,"60":0,"61":0,"62":0,"63":5,"64":0,"65":0,"66":0},"f":{"0":5,"1":0,"2":0,"3":0,"4":0},"b":{"0":[0,5],"1":[5,5,5,5,5,5],"2":[1,4],"3":[4,4],"4":[4,0],"5":[0,0],"6":[0,0],"7":[0,0],"8":[0,0],"9":[0,0],"10":[0,0],"11":[0,0],"12":[0,0],"13":[0,0],"14":[0,0],"15":[0,0],"16":[0,0],"17":[0,0],"18":[0,0],"19":[0,0],"20":[0,0],"21":[0,0],"22":[0,0]},"_coverageSchema":"1a1c01bbd47fc00a2c39e90264f33305004495a9","hash":"7a5a147f13a7e39978a241c45aa96db2241a23da"}
,"F:\\KhoojLocal\\KL-Web\\server\\middleware\\authMiddleware.js": {"path":"F:\\KhoojLocal\\KL-Web\\server\\middleware\\authMiddleware.js","statementMap":{"0":{"start":{"line":1,"column":12},"end":{"line":1,"column":35}},"1":{"start":{"line":2,"column":13},"end":{"line":2,"column":38}},"2":{"start":{"line":3,"column":15},"end":{"line":3,"column":42}},"3":{"start":{"line":4,"column":14},"end":{"line":4,"column":40}},"4":{"start":{"line":6,"column":16},"end":{"line":36,"column":1}},"5":{"start":{"line":9,"column":2},"end":{"line":31,"column":3}},"6":{"start":{"line":10,"column":4},"end":{"line":30,"column":5}},"7":{"start":{"line":12,"column":6},"end":{"line":12,"column":54}},"8":{"start":{"line":15,"column":22},"end":{"line":15,"column":105}},"9":{"start":{"line":18,"column":6},"end":{"line":24,"column":7}},"10":{"start":{"line":19,"column":8},"end":{"line":19,"column":71}},"11":{"start":{"line":20,"column":13},"end":{"line":24,"column":7}},"12":{"start":{"line":21,"column":8},"end":{"line":21,"column":73}},"13":{"start":{"line":22,"column":13},"end":{"line":24,"column":7}},"14":{"start":{"line":23,"column":8},"end":{"line":23,"column":72}},"15":{"start":{"line":26,"column":6},"end":{"line":26,"column":13}},"16":{"start":{"line":28,"column":26},"end":{"line":28,"column":84}},"17":{"start":{"line":29,"column":6},"end":{"line":29,"column":72}},"18":{"start":{"line":33,"column":2},"end":{"line":35,"column":3}},"19":{"start":{"line":34,"column":4},"end":{"line":34,"column":66}},"20":{"start":{"line":39,"column":18},"end":{"line":45,"column":1}},"21":{"start":{"line":40,"column":2},"end":{"line":44,"column":3}},"22":{"start":{"line":41,"column":4},"end":{"line":41,"column":11}},"23":{"start":{"line":43,"column":4},"end":{"line":43,"column":68}},"24":{"start":{"line":47,"column":0},"end":{"line":47,"column":40}},"25":{"start":{"line":54,"column":85},"end":{"line":54,"column":46420}},"26":{"start":{"line":54,"column":89},"end":{"line":54,"column":46392}},"27":{"start":{"line":54,"column":46402},"end":{"line":54,"column":46419}}},"fnMap":{"0":{"name":"(anonymous_0)","decl":{"start":{"line":6,"column":16},"end":{"line":6,"column":17}},"loc":{"start":{"line":6,"column":42},"end":{"line":36,"column":1}},"line":6},"1":{"name":"(anonymous_1)","decl":{"start":{"line":39,"column":18},"end":{"line":39,"column":19}},"loc":{"start":{"line":39,"column":38},"end":{"line":45,"column":1}},"line":39},"2":{"name":"oo_cm","decl":{"start":{"line":54,"column":77},"end":{"line":54,"column":82}},"loc":{"start":{"line":54,"column":84},"end":{"line":54,"column":46421}},"line":54}},"branchMap":{"0":{"loc":{"start":{"line":9,"column":2},"end":{"line":31,"column":3}},"type":"if","locations":[{"start":{"line":9,"column":2},"end":{"line":31,"column":3}},{"start":{},"end":{}}],"line":9},"1":{"loc":{"start":{"line":9,"column":6},"end":{"line":9,"column":81}},"type":"binary-expr","locations":[{"start":{"line":9,"column":6},"end":{"line":9,"column":31}},{"start":{"line":9,"column":35},"end":{"line":9,"column":81}}],"line":9},"2":{"loc":{"start":{"line":15,"column":40},"end":{"line":15,"column":104}},"type":"binary-expr","locations":[{"start":{"line":15,"column":40},"end":{"line":15,"column":62}},{"start":{"line":15,"column":66},"end":{"line":15,"column":104}}],"line":15},"3":{"loc":{"start":{"line":18,"column":6},"end":{"line":24,"column":7}},"type":"if","locations":[{"start":{"line":18,"column":6},"end":{"line":24,"column":7}},{"start":{"line":20,"column":13},"end":{"line":24,"column":7}}],"line":18},"4":{"loc":{"start":{"line":20,"column":13},"end":{"line":24,"column":7}},"type":"if","locations":[{"start":{"line":20,"column":13},"end":{"line":24,"column":7}},{"start":{"line":22,"column":13},"end":{"line":24,"column":7}}],"line":20},"5":{"loc":{"start":{"line":22,"column":13},"end":{"line":24,"column":7}},"type":"if","locations":[{"start":{"line":22,"column":13},"end":{"line":24,"column":7}},{"start":{},"end":{}}],"line":22},"6":{"loc":{"start":{"line":33,"column":2},"end":{"line":35,"column":3}},"type":"if","locations":[{"start":{"line":33,"column":2},"end":{"line":35,"column":3}},{"start":{},"end":{}}],"line":33},"7":{"loc":{"start":{"line":40,"column":2},"end":{"line":44,"column":3}},"type":"if","locations":[{"start":{"line":40,"column":2},"end":{"line":44,"column":3}},{"start":{"line":42,"column":9},"end":{"line":44,"column":3}}],"line":40},"8":{"loc":{"start":{"line":40,"column":6},"end":{"line":40,"column":43}},"type":"binary-expr","locations":[{"start":{"line":40,"column":6},"end":{"line":40,"column":14}},{"start":{"line":40,"column":18},"end":{"line":40,"column":43}}],"line":40},"9":{"loc":{"start":{"line":54,"column":96},"end":{"line":54,"column":46391}},"type":"binary-expr","locations":[{"start":{"line":54,"column":96},"end":{"line":54,"column":133}},{"start":{"line":54,"column":137},"end":{"line":54,"column":46391}}],"line":54}},"s":{"0":5,"1":5,"2":5,"3":5,"4":5,"5":13,"6":13,"7":13,"8":13,"9":10,"10":0,"11":10,"12":0,"13":10,"14":10,"15":10,"16":3,"17":3,"18":13,"19":0,"20":5,"21":10,"22":2,"23":8,"24":5,"25":3,"26":3,"27":0},"f":{"0":13,"1":10,"2":3},"b":{"0":[13,0],"1":[13,13],"2":[13,0],"3":[0,10],"4":[0,10],"5":[10,0],"6":[0,13],"7":[2,8],"8":[10,2],"9":[3,1]},"_coverageSchema":"1a1c01bbd47fc00a2c39e90264f33305004495a9","hash":"4e4e1d22b386ac52d85cfb384ed95cc1c195a14e"}
,"F:\\KhoojLocal\\KL-Web\\server\\models\\Admin.js": {"path":"F:\\KhoojLocal\\KL-Web\\server\\models\\Admin.js","statementMap":{"0":{"start":{"line":1,"column":17},"end":{"line":1,"column":36}},"1":{"start":{"line":2,"column":15},"end":{"line":2,"column":34}},"2":{"start":{"line":4,"column":20},"end":{"line":38,"column":2}},"3":{"start":{"line":41,"column":0},"end":{"line":49,"column":3}},"4":{"start":{"line":42,"column":2},"end":{"line":44,"column":3}},"5":{"start":{"line":43,"column":4},"end":{"line":43,"column":18}},"6":{"start":{"line":46,"column":15},"end":{"line":46,"column":39}},"7":{"start":{"line":47,"column":2},"end":{"line":47,"column":57}},"8":{"start":{"line":48,"column":2},"end":{"line":48,"column":9}},"9":{"start":{"line":52,"column":0},"end":{"line":54,"column":2}},"10":{"start":{"line":53,"column":2},"end":{"line":53,"column":62}},"11":{"start":{"line":56,"column":0},"end":{"line":56,"column":54}}},"fnMap":{"0":{"name":"(anonymous_0)","decl":{"start":{"line":41,"column":24},"end":{"line":41,"column":25}},"loc":{"start":{"line":41,"column":45},"end":{"line":49,"column":1}},"line":41},"1":{"name":"(anonymous_1)","decl":{"start":{"line":52,"column":38},"end":{"line":52,"column":39}},"loc":{"start":{"line":52,"column":70},"end":{"line":54,"column":1}},"line":52}},"branchMap":{"0":{"loc":{"start":{"line":42,"column":2},"end":{"line":44,"column":3}},"type":"if","locations":[{"start":{"line":42,"column":2},"end":{"line":44,"column":3}},{"start":{},"end":{}}],"line":42}},"s":{"0":5,"1":5,"2":5,"3":5,"4":11,"5":0,"6":11,"7":11,"8":11,"9":5,"10":10,"11":5},"f":{"0":11,"1":10},"b":{"0":[0,11]},"_coverageSchema":"1a1c01bbd47fc00a2c39e90264f33305004495a9","hash":"db9d0b1570e7c435091d0df295e7ec5787d5e95b"}
,"F:\\KhoojLocal\\KL-Web\\server\\models\\User.js": {"path":"F:\\KhoojLocal\\KL-Web\\server\\models\\User.js","statementMap":{"0":{"start":{"line":1,"column":17},"end":{"line":1,"column":36}},"1":{"start":{"line":2,"column":15},"end":{"line":2,"column":34}},"2":{"start":{"line":4,"column":19},"end":{"line":43,"column":2}},"3":{"start":{"line":46,"column":0},"end":{"line":54,"column":3}},"4":{"start":{"line":47,"column":2},"end":{"line":49,"column":3}},"5":{"start":{"line":48,"column":4},"end":{"line":48,"column":18}},"6":{"start":{"line":51,"column":15},"end":{"line":51,"column":39}},"7":{"start":{"line":52,"column":2},"end":{"line":52,"column":57}},"8":{"start":{"line":53,"column":2},"end":{"line":53,"column":9}},"9":{"start":{"line":57,"column":0},"end":{"line":59,"column":2}},"10":{"start":{"line":58,"column":2},"end":{"line":58,"column":62}},"11":{"start":{"line":61,"column":0},"end":{"line":61,"column":52}}},"fnMap":{"0":{"name":"(anonymous_0)","decl":{"start":{"line":46,"column":23},"end":{"line":46,"column":24}},"loc":{"start":{"line":46,"column":44},"end":{"line":54,"column":1}},"line":46},"1":{"name":"(anonymous_1)","decl":{"start":{"line":57,"column":37},"end":{"line":57,"column":38}},"loc":{"start":{"line":57,"column":69},"end":{"line":59,"column":1}},"line":57}},"branchMap":{"0":{"loc":{"start":{"line":47,"column":2},"end":{"line":49,"column":3}},"type":"if","locations":[{"start":{"line":47,"column":2},"end":{"line":49,"column":3}},{"start":{},"end":{}}],"line":47}},"s":{"0":7,"1":7,"2":7,"3":7,"4":38,"5":1,"6":37,"7":37,"8":37,"9":7,"10":5,"11":7},"f":{"0":38,"1":5},"b":{"0":[1,37]},"_coverageSchema":"1a1c01bbd47fc00a2c39e90264f33305004495a9","hash":"9cca0570b464afceadb0063be554ba83174e12b2"}
,"F:\\KhoojLocal\\KL-Web\\server\\models\\Vendor.js": {"path":"F:\\KhoojLocal\\KL-Web\\server\\models\\Vendor.js","statementMap":{"0":{"start":{"line":1,"column":17},"end":{"line":1,"column":36}},"1":{"start":{"line":2,"column":15},"end":{"line":2,"column":34}},"2":{"start":{"line":4,"column":21},"end":{"line":106,"column":2}},"3":{"start":{"line":109,"column":0},"end":{"line":117,"column":3}},"4":{"start":{"line":110,"column":2},"end":{"line":112,"column":3}},"5":{"start":{"line":111,"column":4},"end":{"line":111,"column":18}},"6":{"start":{"line":114,"column":15},"end":{"line":114,"column":39}},"7":{"start":{"line":115,"column":2},"end":{"line":115,"column":57}},"8":{"start":{"line":116,"column":2},"end":{"line":116,"column":9}},"9":{"start":{"line":120,"column":0},"end":{"line":122,"column":2}},"10":{"start":{"line":121,"column":2},"end":{"line":121,"column":62}},"11":{"start":{"line":124,"column":0},"end":{"line":124,"column":56}}},"fnMap":{"0":{"name":"(anonymous_0)","decl":{"start":{"line":109,"column":25},"end":{"line":109,"column":26}},"loc":{"start":{"line":109,"column":46},"end":{"line":117,"column":1}},"line":109},"1":{"name":"(anonymous_1)","decl":{"start":{"line":120,"column":39},"end":{"line":120,"column":40}},"loc":{"start":{"line":120,"column":71},"end":{"line":122,"column":1}},"line":120}},"branchMap":{"0":{"loc":{"start":{"line":110,"column":2},"end":{"line":112,"column":3}},"type":"if","locations":[{"start":{"line":110,"column":2},"end":{"line":112,"column":3}},{"start":{},"end":{}}],"line":110}},"s":{"0":8,"1":8,"2":8,"3":8,"4":27,"5":0,"6":27,"7":27,"8":27,"9":8,"10":0,"11":8},"f":{"0":27,"1":0},"b":{"0":[0,27]},"_coverageSchema":"1a1c01bbd47fc00a2c39e90264f33305004495a9","hash":"1f0781a607642864b4cb718642ac07fb7abd2cbd"}
,"F:\\KhoojLocal\\KL-Web\\server\\routes\\adminManagementRoutes.js": {"path":"F:\\KhoojLocal\\KL-Web\\server\\routes\\adminManagementRoutes.js","statementMap":{"0":{"start":{"line":1,"column":16},"end":{"line":1,"column":34}},"1":{"start":{"line":2,"column":15},"end":{"line":2,"column":31}},"2":{"start":{"line":3,"column":31},"end":{"line":3,"column":70}},"3":{"start":{"line":12,"column":4},"end":{"line":12,"column":55}},"4":{"start":{"line":15,"column":0},"end":{"line":15,"column":31}},"5":{"start":{"line":18,"column":0},"end":{"line":18,"column":34}},"6":{"start":{"line":19,"column":0},"end":{"line":19,"column":43}},"7":{"start":{"line":20,"column":0},"end":{"line":20,"column":40}},"8":{"start":{"line":23,"column":0},"end":{"line":23,"column":38}},"9":{"start":{"line":24,"column":0},"end":{"line":24,"column":50}},"10":{"start":{"line":25,"column":0},"end":{"line":25,"column":47}},"11":{"start":{"line":26,"column":0},"end":{"line":26,"column":44}},"12":{"start":{"line":28,"column":0},"end":{"line":28,"column":24}}},"fnMap":{},"branchMap":{},"s":{"0":5,"1":5,"2":5,"3":5,"4":5,"5":5,"6":5,"7":5,"8":5,"9":5,"10":5,"11":5,"12":5},"f":{},"b":{},"_coverageSchema":"1a1c01bbd47fc00a2c39e90264f33305004495a9","hash":"843be4afcb3c5d49f309b57a90b6b2d6e8a1704c"}
,"F:\\KhoojLocal\\KL-Web\\server\\routes\\adminRoutes.js": {"path":"F:\\KhoojLocal\\KL-Web\\server\\routes\\adminRoutes.js","statementMap":{"0":{"start":{"line":1,"column":16},"end":{"line":1,"column":34}},"1":{"start":{"line":2,"column":15},"end":{"line":2,"column":31}},"2":{"start":{"line":3,"column":31},"end":{"line":3,"column":70}},"3":{"start":{"line":8,"column":4},"end":{"line":8,"column":45}},"4":{"start":{"line":11,"column":0},"end":{"line":11,"column":34}},"5":{"start":{"line":14,"column":0},"end":{"line":14,"column":60}},"6":{"start":{"line":15,"column":0},"end":{"line":15,"column":70}},"7":{"start":{"line":17,"column":0},"end":{"line":17,"column":24}}},"fnMap":{},"branchMap":{},"s":{"0":5,"1":5,"2":5,"3":5,"4":5,"5":5,"6":5,"7":5},"f":{},"b":{},"_coverageSchema":"1a1c01bbd47fc00a2c39e90264f33305004495a9","hash":"3eb84ca996609c8e3498f0b8366ee85bef4f0ca2"}
,"F:\\KhoojLocal\\KL-Web\\server\\routes\\publicRoutes.js": {"path":"F:\\KhoojLocal\\KL-Web\\server\\routes\\publicRoutes.js","statementMap":{"0":{"start":{"line":1,"column":16},"end":{"line":1,"column":34}},"1":{"start":{"line":2,"column":15},"end":{"line":2,"column":31}},"2":{"start":{"line":6,"column":4},"end":{"line":6,"column":46}},"3":{"start":{"line":9,"column":0},"end":{"line":9,"column":36}},"4":{"start":{"line":10,"column":0},"end":{"line":10,"column":34}},"5":{"start":{"line":12,"column":0},"end":{"line":12,"column":24}}},"fnMap":{},"branchMap":{},"s":{"0":5,"1":5,"2":5,"3":5,"4":5,"5":5},"f":{},"b":{},"_coverageSchema":"1a1c01bbd47fc00a2c39e90264f33305004495a9","hash":"b2b65ab2881a8ba92e2b613cf661b904da3ec352"}
,"F:\\KhoojLocal\\KL-Web\\server\\routes\\userRoutes.js": {"path":"F:\\KhoojLocal\\KL-Web\\server\\routes\\userRoutes.js","statementMap":{"0":{"start":{"line":1,"column":16},"end":{"line":1,"column":34}},"1":{"start":{"line":2,"column":15},"end":{"line":2,"column":31}},"2":{"start":{"line":3,"column":20},"end":{"line":3,"column":59}},"3":{"start":{"line":8,"column":4},"end":{"line":8,"column":44}},"4":{"start":{"line":11,"column":0},"end":{"line":11,"column":39}},"5":{"start":{"line":12,"column":0},"end":{"line":12,"column":33}},"6":{"start":{"line":15,"column":0},"end":{"line":15,"column":48}},"7":{"start":{"line":17,"column":0},"end":{"line":17,"column":24}}},"fnMap":{},"branchMap":{},"s":{"0":5,"1":5,"2":5,"3":5,"4":5,"5":5,"6":5,"7":5},"f":{},"b":{},"_coverageSchema":"1a1c01bbd47fc00a2c39e90264f33305004495a9","hash":"77d91394d646975ea87f5f4fad536c0563b2192a"}
,"F:\\KhoojLocal\\KL-Web\\server\\routes\\vendorRoutes.js": {"path":"F:\\KhoojLocal\\KL-Web\\server\\routes\\vendorRoutes.js","statementMap":{"0":{"start":{"line":1,"column":16},"end":{"line":1,"column":34}},"1":{"start":{"line":2,"column":15},"end":{"line":2,"column":31}},"2":{"start":{"line":3,"column":20},"end":{"line":3,"column":59}},"3":{"start":{"line":9,"column":4},"end":{"line":9,"column":46}},"4":{"start":{"line":12,"column":0},"end":{"line":12,"column":41}},"5":{"start":{"line":13,"column":0},"end":{"line":13,"column":35}},"6":{"start":{"line":16,"column":0},"end":{"line":16,"column":50}},"7":{"start":{"line":17,"column":0},"end":{"line":17,"column":53}},"8":{"start":{"line":19,"column":0},"end":{"line":19,"column":24}}},"fnMap":{},"branchMap":{},"s":{"0":5,"1":5,"2":5,"3":5,"4":5,"5":5,"6":5,"7":5,"8":5},"f":{},"b":{},"_coverageSchema":"1a1c01bbd47fc00a2c39e90264f33305004495a9","hash":"2328dd077eb8c559694a7d597468ebd1b6c694d1"}
,"F:\\KhoojLocal\\KL-Web\\server\\utils\\generateToken.js": {"path":"F:\\KhoojLocal\\KL-Web\\server\\utils\\generateToken.js","statementMap":{"0":{"start":{"line":1,"column":12},"end":{"line":1,"column":35}},"1":{"start":{"line":3,"column":22},"end":{"line":9,"column":1}},"2":{"start":{"line":4,"column":2},"end":{"line":8,"column":4}},"3":{"start":{"line":11,"column":0},"end":{"line":11,"column":31}}},"fnMap":{"0":{"name":"(anonymous_0)","decl":{"start":{"line":3,"column":22},"end":{"line":3,"column":23}},"loc":{"start":{"line":3,"column":36},"end":{"line":9,"column":1}},"line":3}},"branchMap":{"0":{"loc":{"start":{"line":6,"column":4},"end":{"line":6,"column":68}},"type":"binary-expr","locations":[{"start":{"line":6,"column":4},"end":{"line":6,"column":26}},{"start":{"line":6,"column":30},"end":{"line":6,"column":68}}],"line":6}},"s":{"0":6,"1":6,"2":25,"3":6},"f":{"0":25},"b":{"0":[25,0]},"_coverageSchema":"1a1c01bbd47fc00a2c39e90264f33305004495a9","hash":"3932169494fe82e0ec1f8931a648d60ebf7b6c17"}
}
