TN:
SF:server\app.js
FN:27,(anonymous_0)
FN:32,(anonymous_1)
FNF:2
FNH:0
FNDA:0,(anonymous_0)
FNDA:0,(anonymous_1)
DA:1,5
DA:2,5
DA:3,5
DA:5,5
DA:8,5
DA:9,5
DA:10,5
DA:13,5
DA:14,5
DA:15,5
DA:16,5
DA:17,5
DA:20,5
DA:21,5
DA:22,5
DA:23,5
DA:24,5
DA:27,5
DA:28,0
DA:32,5
DA:33,0
DA:34,0
DA:37,5
LF:23
LH:20
BRDA:34,0,0,0
BRDA:34,0,1,0
BRF:2
BRH:0
end_of_record
TN:
SF:server\seedDatabase.js
FN:7,(anonymous_0)
FN:17,(anonymous_1)
FNF:2
FNH:0
FNDA:0,(anonymous_0)
FNDA:0,(anonymous_1)
DA:1,0
DA:2,0
DA:3,0
DA:4,0
DA:5,0
DA:7,0
DA:8,0
DA:9,0
DA:10,0
DA:12,0
DA:13,0
DA:17,0
DA:18,0
DA:19,0
DA:22,0
DA:23,0
DA:24,0
DA:25,0
DA:28,0
DA:29,0
DA:36,0
DA:39,0
DA:40,0
DA:66,0
DA:69,0
DA:70,0
DA:382,0
DA:384,0
DA:385,0
DA:386,0
DA:387,0
DA:388,0
DA:389,0
DA:390,0
DA:391,0
DA:392,0
DA:393,0
DA:394,0
DA:395,0
DA:396,0
DA:397,0
DA:398,0
DA:399,0
DA:400,0
DA:401,0
DA:402,0
DA:404,0
DA:406,0
DA:407,0
DA:412,0
LF:50
LH:0
BRDA:9,0,0,0
BRDA:9,0,1,0
BRF:2
BRH:0
end_of_record
TN:
SF:server\config\database.js
FN:3,(anonymous_0)
FNF:1
FNH:0
FNDA:0,(anonymous_0)
DA:1,0
DA:3,0
DA:4,0
DA:5,0
DA:10,0
DA:12,0
DA:13,0
DA:17,0
LF:8
LH:0
BRDA:5,0,0,0
BRDA:5,0,1,0
BRF:2
BRH:0
end_of_record
TN:
SF:server\controllers\adminController.js
FN:9,(anonymous_0)
FN:56,(anonymous_1)
FN:74,(anonymous_2)
FN:156,oo_cm
FNF:4
FNH:3
FNDA:12,(anonymous_0)
FNDA:0,(anonymous_1)
FNDA:1,(anonymous_2)
FNDA:5,oo_cm
DA:1,5
DA:2,5
DA:3,5
DA:4,5
DA:9,5
DA:10,12
DA:11,12
DA:14,12
DA:15,0
DA:19,12
DA:21,12
DA:22,2
DA:26,10
DA:27,0
DA:31,10
DA:33,10
DA:34,0
DA:38,10
DA:40,10
DA:48,0
DA:49,0
DA:56,5
DA:57,0
DA:58,0
DA:60,0
DA:61,0
DA:63,0
DA:66,0
DA:67,0
DA:74,5
DA:75,1
DA:76,1
DA:79,1
DA:80,1
DA:83,1
DA:86,1
DA:89,1
DA:93,1
DA:96,1
DA:99,1
DA:102,1
DA:105,1
DA:111,1
DA:112,1
DA:113,4
DA:114,4
DA:115,4
DA:116,4
DA:118,4
DA:122,4
DA:128,1
DA:140,0
DA:141,0
DA:145,5
DA:156,5
LF:55
LH:41
BRDA:14,0,0,0
BRDA:14,0,1,12
BRDA:14,1,0,12
BRDA:14,1,1,12
BRDA:21,2,0,2
BRDA:21,2,1,10
BRDA:26,3,0,0
BRDA:26,3,1,10
BRDA:33,4,0,0
BRDA:33,4,1,10
BRDA:60,5,0,0
BRDA:60,5,1,0
BRDA:156,6,0,5
BRDA:156,6,1,0
BRF:14
BRH:8
end_of_record
TN:
SF:server\controllers\adminManagementController.js
FN:7,(anonymous_0)
FN:20,(anonymous_1)
FN:33,(anonymous_2)
FN:46,(anonymous_3)
FN:80,(anonymous_4)
FN:142,(anonymous_5)
FN:160,(anonymous_6)
FN:190,oo_cm
FNF:8
FNH:1
FNDA:1,(anonymous_0)
FNDA:0,(anonymous_1)
FNDA:0,(anonymous_2)
FNDA:0,(anonymous_3)
FNDA:0,(anonymous_4)
FNDA:0,(anonymous_5)
FNDA:0,(anonymous_6)
FNDA:0,oo_cm
DA:1,5
DA:2,5
DA:7,5
DA:8,1
DA:9,1
DA:10,1
DA:12,0
DA:13,0
DA:20,5
DA:21,0
DA:22,0
DA:23,0
DA:25,0
DA:26,0
DA:33,5
DA:34,0
DA:35,0
DA:36,0
DA:38,0
DA:39,0
DA:46,5
DA:47,0
DA:48,0
DA:49,0
DA:51,0
DA:52,0
DA:56,0
DA:57,0
DA:58,0
DA:60,0
DA:66,0
DA:67,0
DA:70,0
DA:72,0
DA:73,0
DA:80,5
DA:81,0
DA:94,0
DA:96,0
DA:99,0
DA:100,0
DA:101,0
DA:102,0
DA:103,0
DA:107,0
DA:108,0
DA:112,0
DA:113,0
DA:114,0
DA:115,0
DA:116,0
DA:117,0
DA:118,0
DA:119,0
DA:120,0
DA:122,0
DA:128,0
DA:129,0
DA:132,0
DA:134,0
DA:135,0
DA:142,5
DA:143,0
DA:144,0
DA:146,0
DA:147,0
DA:150,0
DA:152,0
DA:153,0
DA:160,5
DA:161,0
DA:162,0
DA:164,0
DA:165,0
DA:168,0
DA:170,0
DA:171,0
DA:175,5
DA:190,0
LF:79
LH:13
BRDA:51,0,0,0
BRDA:51,0,1,0
BRDA:56,1,0,0
BRDA:56,1,1,0
BRDA:57,2,0,0
BRDA:57,2,1,0
BRDA:58,3,0,0
BRDA:58,3,1,0
BRDA:66,4,0,0
BRDA:66,4,1,0
BRDA:99,5,0,0
BRDA:99,5,1,0
BRDA:101,6,0,0
BRDA:101,6,1,0
BRDA:107,7,0,0
BRDA:107,7,1,0
BRDA:112,8,0,0
BRDA:112,8,1,0
BRDA:113,9,0,0
BRDA:113,9,1,0
BRDA:114,10,0,0
BRDA:114,10,1,0
BRDA:115,11,0,0
BRDA:115,11,1,0
BRDA:116,12,0,0
BRDA:116,12,1,0
BRDA:117,13,0,0
BRDA:117,13,1,0
BRDA:118,14,0,0
BRDA:118,14,1,0
BRDA:119,15,0,0
BRDA:119,15,1,0
BRDA:120,16,0,0
BRDA:120,16,1,0
BRDA:128,17,0,0
BRDA:128,17,1,0
BRDA:146,18,0,0
BRDA:146,18,1,0
BRDA:164,19,0,0
BRDA:164,19,1,0
BRDA:190,20,0,0
BRDA:190,20,1,0
BRF:42
BRH:0
end_of_record
TN:
SF:server\controllers\publicController.js
FN:6,(anonymous_0)
FN:38,(anonymous_1)
FN:68,oo_cm
FNF:3
FNH:0
FNDA:0,(anonymous_0)
FNDA:0,(anonymous_1)
FNDA:0,oo_cm
DA:1,5
DA:6,5
DA:7,0
DA:8,0
DA:10,0
DA:13,0
DA:14,0
DA:18,0
DA:19,0
DA:26,0
DA:28,0
DA:30,0
DA:31,0
DA:38,5
DA:39,0
DA:40,0
DA:42,0
DA:43,0
DA:47,0
DA:48,0
DA:51,0
DA:53,0
DA:54,0
DA:58,5
DA:68,0
LF:25
LH:4
BRDA:13,0,0,0
BRDA:13,0,1,0
BRDA:13,1,0,0
BRDA:13,1,1,0
BRDA:18,2,0,0
BRDA:18,2,1,0
BRDA:42,3,0,0
BRDA:42,3,1,0
BRDA:47,4,0,0
BRDA:47,4,1,0
BRDA:47,5,0,0
BRDA:47,5,1,0
BRDA:68,6,0,0
BRDA:68,6,1,0
BRF:14
BRH:0
end_of_record
TN:
SF:server\controllers\userController.js
FN:7,(anonymous_0)
FN:51,(anonymous_1)
FN:99,(anonymous_2)
FN:133,oo_cm
FNF:4
FNH:3
FNDA:7,(anonymous_0)
FNDA:5,(anonymous_1)
FNDA:0,(anonymous_2)
FNDA:2,oo_cm
DA:1,5
DA:2,5
DA:7,5
DA:8,7
DA:9,7
DA:12,7
DA:13,1
DA:17,6
DA:18,6
DA:19,1
DA:23,5
DA:30,3
DA:31,3
DA:40,0
DA:43,2
DA:44,2
DA:51,5
DA:52,5
DA:53,5
DA:56,5
DA:57,0
DA:61,5
DA:63,5
DA:64,2
DA:68,3
DA:69,0
DA:73,3
DA:75,3
DA:76,1
DA:80,2
DA:82,2
DA:91,0
DA:92,0
DA:99,5
DA:100,0
DA:101,0
DA:103,0
DA:104,0
DA:114,0
DA:117,0
DA:118,0
DA:122,5
DA:133,2
LF:43
LH:31
BRDA:12,0,0,1
BRDA:12,0,1,6
BRDA:12,1,0,7
BRDA:12,1,1,7
BRDA:12,1,2,6
BRDA:18,2,0,1
BRDA:18,2,1,5
BRDA:30,3,0,3
BRDA:30,3,1,0
BRDA:56,4,0,0
BRDA:56,4,1,5
BRDA:56,5,0,5
BRDA:56,5,1,5
BRDA:63,6,0,2
BRDA:63,6,1,3
BRDA:68,7,0,0
BRDA:68,7,1,3
BRDA:75,8,0,1
BRDA:75,8,1,2
BRDA:103,9,0,0
BRDA:103,9,1,0
BRDA:133,10,0,2
BRDA:133,10,1,1
BRF:23
BRH:18
end_of_record
TN:
SF:server\controllers\vendorController.js
FN:7,(anonymous_0)
FN:72,(anonymous_1)
FN:135,(anonymous_2)
FN:153,(anonymous_3)
FN:189,oo_cm
FNF:5
FNH:1
FNDA:5,(anonymous_0)
FNDA:0,(anonymous_1)
FNDA:0,(anonymous_2)
FNDA:0,(anonymous_3)
FNDA:0,oo_cm
DA:1,5
DA:2,5
DA:7,5
DA:8,5
DA:20,5
DA:23,5
DA:24,0
DA:28,5
DA:29,5
DA:30,1
DA:34,4
DA:48,4
DA:49,4
DA:61,0
DA:64,0
DA:65,0
DA:72,5
DA:73,0
DA:74,0
DA:77,0
DA:78,0
DA:82,0
DA:84,0
DA:85,0
DA:89,0
DA:90,0
DA:94,0
DA:95,0
DA:98,0
DA:99,0
DA:102,0
DA:103,0
DA:107,0
DA:109,0
DA:110,0
DA:114,0
DA:116,0
DA:127,0
DA:128,0
DA:135,5
DA:136,0
DA:137,0
DA:139,0
DA:140,0
DA:142,0
DA:145,0
DA:146,0
DA:153,5
DA:154,0
DA:155,0
DA:157,0
DA:158,0
DA:159,0
DA:160,0
DA:161,0
DA:162,0
DA:163,0
DA:164,0
DA:166,0
DA:167,0
DA:169,0
DA:172,0
DA:173,0
DA:177,5
DA:189,0
LF:65
LH:16
BRDA:23,0,0,0
BRDA:23,0,1,5
BRDA:23,1,0,5
BRDA:23,1,1,5
BRDA:23,1,2,5
BRDA:23,1,3,5
BRDA:23,1,4,5
BRDA:23,1,5,5
BRDA:29,2,0,1
BRDA:29,2,1,4
BRDA:44,3,0,4
BRDA:44,3,1,4
BRDA:48,4,0,4
BRDA:48,4,1,0
BRDA:77,5,0,0
BRDA:77,5,1,0
BRDA:77,6,0,0
BRDA:77,6,1,0
BRDA:84,7,0,0
BRDA:84,7,1,0
BRDA:89,8,0,0
BRDA:89,8,1,0
BRDA:94,9,0,0
BRDA:94,9,1,0
BRDA:98,10,0,0
BRDA:98,10,1,0
BRDA:102,11,0,0
BRDA:102,11,1,0
BRDA:109,12,0,0
BRDA:109,12,1,0
BRDA:139,13,0,0
BRDA:139,13,1,0
BRDA:157,14,0,0
BRDA:157,14,1,0
BRDA:158,15,0,0
BRDA:158,15,1,0
BRDA:159,16,0,0
BRDA:159,16,1,0
BRDA:160,17,0,0
BRDA:160,17,1,0
BRDA:161,18,0,0
BRDA:161,18,1,0
BRDA:162,19,0,0
BRDA:162,19,1,0
BRDA:163,20,0,0
BRDA:163,20,1,0
BRDA:164,21,0,0
BRDA:164,21,1,0
BRDA:189,22,0,0
BRDA:189,22,1,0
BRF:50
BRH:12
end_of_record
TN:
SF:server\middleware\authMiddleware.js
FN:6,(anonymous_0)
FN:39,(anonymous_1)
FN:54,oo_cm
FNF:3
FNH:3
FNDA:13,(anonymous_0)
FNDA:10,(anonymous_1)
FNDA:3,oo_cm
DA:1,5
DA:2,5
DA:3,5
DA:4,5
DA:6,5
DA:9,13
DA:10,13
DA:12,13
DA:15,13
DA:18,10
DA:19,0
DA:20,10
DA:21,0
DA:22,10
DA:23,10
DA:26,10
DA:28,3
DA:29,3
DA:33,13
DA:34,0
DA:39,5
DA:40,10
DA:41,2
DA:43,8
DA:47,5
DA:54,3
LF:26
LH:23
BRDA:9,0,0,13
BRDA:9,0,1,0
BRDA:9,1,0,13
BRDA:9,1,1,13
BRDA:15,2,0,13
BRDA:15,2,1,0
BRDA:18,3,0,0
BRDA:18,3,1,10
BRDA:20,4,0,0
BRDA:20,4,1,10
BRDA:22,5,0,10
BRDA:22,5,1,0
BRDA:33,6,0,0
BRDA:33,6,1,13
BRDA:40,7,0,2
BRDA:40,7,1,8
BRDA:40,8,0,10
BRDA:40,8,1,2
BRDA:54,9,0,3
BRDA:54,9,1,1
BRF:20
BRH:14
end_of_record
TN:
SF:server\models\Admin.js
FN:41,(anonymous_0)
FN:52,(anonymous_1)
FNF:2
FNH:2
FNDA:11,(anonymous_0)
FNDA:10,(anonymous_1)
DA:1,5
DA:2,5
DA:4,5
DA:41,5
DA:42,11
DA:43,0
DA:46,11
DA:47,11
DA:48,11
DA:52,5
DA:53,10
DA:56,5
LF:12
LH:11
BRDA:42,0,0,0
BRDA:42,0,1,11
BRF:2
BRH:1
end_of_record
TN:
SF:server\models\User.js
FN:46,(anonymous_0)
FN:57,(anonymous_1)
FNF:2
FNH:2
FNDA:38,(anonymous_0)
FNDA:5,(anonymous_1)
DA:1,7
DA:2,7
DA:4,7
DA:46,7
DA:47,38
DA:48,1
DA:51,37
DA:52,37
DA:53,37
DA:57,7
DA:58,5
DA:61,7
LF:12
LH:12
BRDA:47,0,0,1
BRDA:47,0,1,37
BRF:2
BRH:2
end_of_record
TN:
SF:server\models\Vendor.js
FN:109,(anonymous_0)
FN:120,(anonymous_1)
FNF:2
FNH:1
FNDA:27,(anonymous_0)
FNDA:0,(anonymous_1)
DA:1,8
DA:2,8
DA:4,8
DA:109,8
DA:110,27
DA:111,0
DA:114,27
DA:115,27
DA:116,27
DA:120,8
DA:121,0
DA:124,8
LF:12
LH:10
BRDA:110,0,0,0
BRDA:110,0,1,27
BRF:2
BRH:1
end_of_record
TN:
SF:server\routes\adminManagementRoutes.js
FNF:0
FNH:0
DA:1,5
DA:2,5
DA:3,5
DA:12,5
DA:15,5
DA:18,5
DA:19,5
DA:20,5
DA:23,5
DA:24,5
DA:25,5
DA:26,5
DA:28,5
LF:13
LH:13
BRF:0
BRH:0
end_of_record
TN:
SF:server\routes\adminRoutes.js
FNF:0
FNH:0
DA:1,5
DA:2,5
DA:3,5
DA:8,5
DA:11,5
DA:14,5
DA:15,5
DA:17,5
LF:8
LH:8
BRF:0
BRH:0
end_of_record
TN:
SF:server\routes\publicRoutes.js
FNF:0
FNH:0
DA:1,5
DA:2,5
DA:6,5
DA:9,5
DA:10,5
DA:12,5
LF:6
LH:6
BRF:0
BRH:0
end_of_record
TN:
SF:server\routes\userRoutes.js
FNF:0
FNH:0
DA:1,5
DA:2,5
DA:3,5
DA:8,5
DA:11,5
DA:12,5
DA:15,5
DA:17,5
LF:8
LH:8
BRF:0
BRH:0
end_of_record
TN:
SF:server\routes\vendorRoutes.js
FNF:0
FNH:0
DA:1,5
DA:2,5
DA:3,5
DA:9,5
DA:12,5
DA:13,5
DA:16,5
DA:17,5
DA:19,5
LF:9
LH:9
BRF:0
BRH:0
end_of_record
TN:
SF:server\utils\generateToken.js
FN:3,(anonymous_0)
FNF:1
FNH:1
FNDA:25,(anonymous_0)
DA:1,6
DA:3,6
DA:4,25
DA:11,6
LF:4
LH:4
BRDA:6,0,0,25
BRDA:6,0,1,0
BRF:2
BRH:1
end_of_record
